<?xml version="1.0" encoding="utf-8"?><testsuites name="pytest tests"><testsuite name="pytest" errors="0" failures="0" skipped="0" tests="18" time="4.837" timestamp="2026-07-24T13:47:21.943209+07:00" hostname="WS-IT-04"><testcase classname="tests.architecture.test_dependency_rules" name="test_guard_fails_closed_when_source_root_is_missing" time="0.074" /><testcase classname="tests.architecture.test_dependency_rules" name="test_guard_detects_new_api_data_dependency" time="0.007" /><testcase classname="tests.architecture.test_dependency_rules" name="test_guard_detects_dependencies_across_every_planned_layer_rule" time="0.054" /><testcase classname="tests.architecture.test_dependency_rules" name="test_only_canonical_settings_module_may_read_environment" time="0.014" /><testcase classname="tests.architecture.test_dependency_rules" name="test_guard_detects_import_time_environment_mutation" time="0.004" /><testcase classname="tests.architecture.test_dependency_rules" name="test_ratchet_distinguishes_removed_debt_from_new_occurrences" time="0.001" /><testcase classname="tests.architecture.test_dependency_rules" name="test_current_backend_does_not_exceed_reviewed_architecture_debt" time="0.834" /><testcase classname="tests.architecture.test_layering_contracts" name="test_import_scanner_expands_from_import_aliases" time="0.004" /><testcase classname="tests.architecture.test_layering_contracts" name="test_core_and_service_layers_do_not_import_legacy_ui" time="0.760" /><testcase classname="tests.architecture.test_layering_contracts" name="test_engine_contract_is_composition_owned_and_legacy_shim_stays_import_safe" time="0.001" /><testcase classname="tests.architecture.test_layering_contracts" name="test_auth_service_keeps_core_authentication_compatibility_import" time="0.001" /><testcase classname="tests.architecture.test_layering_contracts" name="test_phase5_registry_and_pipeline_edges_are_removed" time="0.755" /><testcase classname="tests.architecture.test_layering_contracts" name="test_phase5_imports_do_not_create_resources_or_mutate_environment" time="0.760" /><testcase classname="tests.architecture.test_layering_contracts" name="test_phase6_internal_source_and_scripts_do_not_import_legacy_facades" time="0.758" /><testcase classname="tests.architecture.test_layering_contracts" name="test_phase6_services_compatibility_facade_is_static" time="0.001" /><testcase classname="tests.architecture.test_layering_contracts" name="test_phase6_repository_package_exports_owner_modules_without_wildcards" time="0.763" /><testcase classname="tests.architecture.test_layering_contracts" name="test_phase6_sql_migration_owns_and_closes_its_database_runtime" time="0.002" /><testcase classname="tests.architecture.test_layering_contracts" name="test_phase6_image_summary_diagnostic_owns_and_closes_runtime_resources" time="0.001" /></testsuite></testsuites>