<?xml version="1.0" encoding="utf-8"?><testsuites name="pytest tests"><testsuite name="pytest" errors="0" failures="0" skipped="22" tests="2169" time="89.261" timestamp="2026-07-24T13:42:08.452989+07:00" hostname="WS-IT-04"><testcase classname="" name="tests.integration.test_publication_outbox_sql" time="0.000"><skipped message="collection skipped">('C:\\Users\\bao.nguyen\\Documents\\ChatBotProject\\tests\\integration\\test_publication_outbox_sql.py', 15, 'Skipped: Set RUN_DB_TESTS=1 to run SQL integration tests')</skipped></testcase><testcase classname="tests.architecture.test_dependency_rules" name="test_guard_fails_closed_when_source_root_is_missing" time="0.115" /><testcase classname="tests.architecture.test_dependency_rules" name="test_guard_detects_new_api_data_dependency" time="0.009" /><testcase classname="tests.architecture.test_dependency_rules" name="test_guard_detects_dependencies_across_every_planned_layer_rule" time="0.072" /><testcase classname="tests.architecture.test_dependency_rules" name="test_only_canonical_settings_module_may_read_environment" time="0.017" /><testcase classname="tests.architecture.test_dependency_rules" name="test_guard_detects_import_time_environment_mutation" time="0.007" /><testcase classname="tests.architecture.test_dependency_rules" name="test_ratchet_distinguishes_removed_debt_from_new_occurrences" time="0.005" /><testcase classname="tests.architecture.test_dependency_rules" name="test_current_backend_does_not_exceed_reviewed_architecture_debt" time="2.135" /><testcase classname="tests.architecture.test_layering_contracts" name="test_import_scanner_expands_from_import_aliases" time="0.006" /><testcase classname="tests.architecture.test_layering_contracts" name="test_core_and_service_layers_do_not_import_legacy_ui" time="2.122" /><testcase classname="tests.architecture.test_layering_contracts" name="test_engine_contract_is_composition_owned_and_legacy_shim_stays_import_safe" time="0.004" /><testcase classname="tests.architecture.test_layering_contracts" name="test_auth_service_keeps_core_authentication_compatibility_import" time="0.004" /><testcase classname="tests.architecture.test_layering_contracts" name="test_phase5_registry_and_pipeline_edges_are_removed" time="2.133" /><testcase classname="tests.architecture.test_layering_contracts" name="test_phase5_imports_do_not_create_resources_or_mutate_environment" time="2.119" /><testcase classname="tests.architecture.test_layering_contracts" name="test_phase6_internal_source_and_scripts_do_not_import_legacy_facades" time="1.653" /><testcase classname="tests.architecture.test_layering_contracts" name="test_phase6_services_compatibility_facade_is_static" time="0.003" /><testcase classname="tests.architecture.test_layering_contracts" name="test_phase6_repository_package_exports_owner_modules_without_wildcards" time="2.374" /><testcase classname="tests.architecture.test_layering_contracts" name="test_phase6_sql_migration_owns_and_closes_its_database_runtime" time="0.006" /><testcase classname="tests.architecture.test_layering_contracts" name="test_phase6_image_summary_diagnostic_owns_and_closes_runtime_resources" time="0.003" /><testcase classname="tests.eval.test_golden_questions" name="test_golden_file_has_supported_schema" time="0.004" /><testcase classname="tests.eval.test_golden_questions" name="test_rag_headers_do_not_reveal_service_token_in_repr" time="0.005" /><testcase classname="tests.eval.test_golden_questions" name="test_expected_source_requires_exact_filename_and_page" time="0.005" /><testcase classname="tests.eval.test_golden_questions" name="test_golden_question_answerable[item0]" time="0.002"><skipped type="pytest.skip" message="Can RAG server that: dat RUN_EVAL_TESTS=1 va RAG_SERVER_URL=...">C:\Users\bao.nguyen\Documents\ChatBotProject\tests\eval\test_golden_questions.py:156: Can RAG server that: dat RUN_EVAL_TESTS=1 va RAG_SERVER_URL=...</skipped></testcase><testcase classname="tests.eval.test_golden_questions" name="test_golden_question_answerable[item1]" time="0.002"><skipped type="pytest.skip" message="Can RAG server that: dat RUN_EVAL_TESTS=1 va RAG_SERVER_URL=...">C:\Users\bao.nguyen\Documents\ChatBotProject\tests\eval\test_golden_questions.py:156: Can RAG server that: dat RUN_EVAL_TESTS=1 va RAG_SERVER_URL=...</skipped></testcase><testcase classname="tests.integration.test_crag_eval_fixture" name="test_crag_fixture_ingest_publish_retrieval_and_denial" time="0.003"><skipped type="pytest.skip" message="explicit CRAG fixture, SQL and Qdrant opt-ins are required">C:\Users\bao.nguyen\Documents\ChatBotProject\tests\integration\test_crag_eval_fixture.py:15: explicit CRAG fixture, SQL and Qdrant opt-ins are required</skipped></testcase><testcase classname="tests.integration.test_db_repository.TestConnectivity" name="test_engine_connects" time="0.002"><skipped type="pytest.skip" message="Can SQL Server that: dat RUN_DB_TESTS=1">C:\Users\bao.nguyen\Documents\ChatBotProject\tests\integration\test_db_repository.py:22: Can SQL Server that: dat RUN_DB_TESTS=1</skipped></testcase><testcase classname="tests.integration.test_db_repository.TestReingestGuard" name="test_published_doc_cannot_be_reingested" time="0.002"><skipped type="pytest.skip" message="Can SQL Server that: dat RUN_DB_TESTS=1">C:\Users\bao.nguyen\Documents\ChatBotProject\tests\integration\test_db_repository.py:31: Can SQL Server that: dat RUN_DB_TESTS=1</skipped></testcase><testcase classname="tests.integration.test_db_repository.TestRbacQueries" name="test_user_departments_drives_access" time="0.002"><skipped type="pytest.skip" message="Can SQL Server that: dat RUN_DB_TESTS=1">C:\Users\bao.nguyen\Documents\ChatBotProject\tests\integration\test_db_repository.py:40: Can SQL Server that: dat RUN_DB_TESTS=1</skipped></testcase><testcase classname="tests.integration.test_db_repository_p1.TestReingestGuard" name="test_published_approved_doc_cannot_be_reset_for_reingest" time="0.002"><skipped type="pytest.skip" message="Can SQL Server that: dat RUN_DB_TESTS=1">C:\Users\bao.nguyen\Documents\ChatBotProject\tests\integration\test_db_repository_p1.py:75: Can SQL Server that: dat RUN_DB_TESTS=1</skipped></testcase><testcase classname="tests.integration.test_db_repository_p1.TestMigrationObjects" name="test_login_attempts_table_exists_for_shared_rate_limit" time="0.003"><skipped type="pytest.skip" message="Can SQL Server that: dat RUN_DB_TESTS=1">C:\Users\bao.nguyen\Documents\ChatBotProject\tests\integration\test_db_repository_p1.py:87: Can SQL Server that: dat RUN_DB_TESTS=1</skipped></testcase><testcase classname="tests.integration.test_db_repository_p1.TestMigrationObjects" name="test_login_attempts_index_exists" time="0.002"><skipped type="pytest.skip" message="Can SQL Server that: dat RUN_DB_TESTS=1">C:\Users\bao.nguyen\Documents\ChatBotProject\tests\integration\test_db_repository_p1.py:95: Can SQL Server that: dat RUN_DB_TESTS=1</skipped></testcase><testcase classname="tests.integration.test_db_repository_p1.TestMigrationObjects" name="test_tailieu_has_rbac_metadata_columns" time="0.002"><skipped type="pytest.skip" message="Can SQL Server that: dat RUN_DB_TESTS=1">C:\Users\bao.nguyen\Documents\ChatBotProject\tests\integration\test_db_repository_p1.py:109: Can SQL Server that: dat RUN_DB_TESTS=1</skipped></testcase><testcase classname="tests.integration.test_db_repository_p1.TestMigrationObjects" name="test_phong_ban_chia_se_table_exists_for_document_departments" time="0.002"><skipped type="pytest.skip" message="Can SQL Server that: dat RUN_DB_TESTS=1">C:\Users\bao.nguyen\Documents\ChatBotProject\tests\integration\test_db_repository_p1.py:126: Can SQL Server that: dat RUN_DB_TESTS=1</skipped></testcase><testcase classname="tests.integration.test_db_repository_p1.TestMigrationObjects" name="test_lifecycle_review_constraints_exist" time="0.002"><skipped type="pytest.skip" message="Can SQL Server that: dat RUN_DB_TESTS=1">C:\Users\bao.nguyen\Documents\ChatBotProject\tests\integration\test_db_repository_p1.py:144: Can SQL Server that: dat RUN_DB_TESTS=1</skipped></testcase><testcase classname="tests.integration.test_decomposition_eval_fixture" name="test_decomposition_fixture_is_published_current_and_governed" time="0.002"><skipped type="pytest.skip" message="explicit decomposition fixture and staging Qdrant opt-ins are required">C:\Users\bao.nguyen\Documents\ChatBotProject\tests\integration\test_decomposition_eval_fixture.py:19: explicit decomposition fixture and staging Qdrant opt-ins are required</skipped></testcase><testcase classname="tests.integration.test_graph_eval_fixture" name="test_graph_fixture_preflight_and_governed_traversal" time="0.003"><skipped type="pytest.skip" message="Can SQL Server that: dat RUN_DB_TESTS=1">C:\Users\bao.nguyen\Documents\ChatBotProject\tests\integration\test_graph_eval_fixture.py:18: Can SQL Server that: dat RUN_DB_TESTS=1</skipped></testcase><testcase classname="tests.integration.test_grounded_math_eval_fixture" name="test_grounded_math_fixture_ingest_preflight_calculate_and_cleanup" time="0.002"><skipped type="pytest.skip" message="explicit grounded-math fixture, SQL and Qdrant opt-ins are required">C:\Users\bao.nguyen\Documents\ChatBotProject\tests\integration\test_grounded_math_eval_fixture.py:11: explicit grounded-math fixture, SQL and Qdrant opt-ins are required</skipped></testcase><testcase classname="tests.integration.test_late_interaction_shadow" name="test_qdrant_shadow_backfill_maxsim_is_idempotent_and_preserves_governance" time="0.003"><skipped type="pytest.skip" message="set RUN_LATE_INTERACTION_TESTS=1 in the isolated encoder environment">C:\Users\bao.nguyen\Documents\ChatBotProject\tests\integration\test_late_interaction_shadow.py:23: set RUN_LATE_INTERACTION_TESTS=1 in the isolated encoder environment</skipped></testcase><testcase classname="tests.integration.test_rate_limit_db" name="test_db_lock_after_max_failures" time="0.003"><skipped type="pytest.skip" message="Can SQL Server that: dat RUN_DB_TESTS=1">C:\Users\bao.nguyen\Documents\ChatBotProject\tests\integration\test_rate_limit_db.py:32: Can SQL Server that: dat RUN_DB_TESTS=1</skipped></testcase><testcase classname="tests.integration.test_rate_limit_db" name="test_db_clear_resets" time="0.003"><skipped type="pytest.skip" message="Can SQL Server that: dat RUN_DB_TESTS=1">C:\Users\bao.nguyen\Documents\ChatBotProject\tests\integration\test_rate_limit_db.py:40: Can SQL Server that: dat RUN_DB_TESTS=1</skipped></testcase><testcase classname="tests.integration.test_rate_limit_db" name="test_db_shared_across_connections" time="0.002"><skipped type="pytest.skip" message="Can SQL Server that: dat RUN_DB_TESTS=1">C:\Users\bao.nguyen\Documents\ChatBotProject\tests\integration\test_rate_limit_db.py:49: Can SQL Server that: dat RUN_DB_TESTS=1</skipped></testcase><testcase classname="tests.integration.test_sql_qdrant_consistency" name="test_every_vectorized_doc_has_qdrant_points" time="0.002"><skipped type="pytest.skip" message="Can Qdrant that: dat RUN_QDRANT_TESTS=1">C:\Users\bao.nguyen\Documents\ChatBotProject\tests\integration\test_sql_qdrant_consistency.py:183: Can Qdrant that: dat RUN_QDRANT_TESTS=1</skipped></testcase><testcase classname="tests.integration.test_sql_qdrant_consistency" name="test_qdrant_payload_matches_sql_rbac_metadata" time="0.002"><skipped type="pytest.skip" message="Can Qdrant that: dat RUN_QDRANT_TESTS=1">C:\Users\bao.nguyen\Documents\ChatBotProject\tests\integration\test_sql_qdrant_consistency.py:201: Can Qdrant that: dat RUN_QDRANT_TESTS=1</skipped></testcase><testcase classname="tests.test_conversation_state" name="test_public_candidates_indexing" time="0.005" /><testcase classname="tests.test_conversation_state" name="test_ordinal_bare_number" time="0.006" /><testcase classname="tests.test_conversation_state" name="test_ordinal_with_trigger" time="0.004" /><testcase classname="tests.test_conversation_state" name="test_ordinal_word" time="0.010" /><testcase classname="tests.test_conversation_state" name="test_ordinal_out_of_range_falls_through" time="0.008" /><testcase classname="tests.test_conversation_state" name="test_code_match" time="0.004" /><testcase classname="tests.test_conversation_state" name="test_model_code_match" time="0.003" /><testcase classname="tests.test_conversation_state" name="test_name_match" time="0.011" /><testcase classname="tests.test_conversation_state" name="test_name_by_dimension" time="0.003" /><testcase classname="tests.test_conversation_state" name="test_compare_all_no_match" time="0.003" /><testcase classname="tests.test_conversation_state" name="test_empty_pending" time="0.003" /><testcase classname="tests.test_conversation_state" name="test_context_roundtrip" time="0.004" /><testcase classname="tests.test_conversation_state" name="test_describe_candidate" time="0.003" /><testcase classname="tests.test_conversation_state" name="test_is_enabled_uses_explicit_runtime_value" time="0.003" /><testcase classname="tests.test_ingestion_quality" name="test_balanced_threshold_boundaries[18-59-blocked]" time="0.004" /><testcase classname="tests.test_ingestion_quality" name="test_balanced_threshold_boundaries[20-60-needs_review]" time="0.007" /><testcase classname="tests.test_ingestion_quality" name="test_balanced_threshold_boundaries[68-84-needs_review]" time="0.005" /><testcase classname="tests.test_ingestion_quality" name="test_balanced_threshold_boundaries[70-85-ready_for_review]" time="0.006" /><testcase classname="tests.test_ingestion_quality" name="test_partial_page_failure_is_scored_instead_of_hard_blocked" time="0.003" /><testcase classname="tests.test_ingestion_quality" name="test_hard_blockers_are_file_unprocessable[broken0]" time="0.003" /><testcase classname="tests.test_ingestion_quality" name="test_hard_blockers_are_file_unprocessable[broken1]" time="0.005" /><testcase classname="tests.test_ingestion_quality" name="test_hard_blockers_are_file_unprocessable[broken2]" time="0.005" /><testcase classname="tests.test_ingestion_quality" name="test_hard_blockers_are_file_unprocessable[broken3]" time="0.003" /><testcase classname="tests.test_ingestion_quality" name="test_domain_signal_and_report_explanation" time="0.003" /><testcase classname="tests.test_rag_entity_conversation_characterization" name="test_extract_constraints_normalizes_and_deduplicates_signals" time="0.009" /><testcase classname="tests.test_rag_entity_conversation_characterization" name="test_has_explicit_code_recognizes_supported_code_families[Ban ve 9.3.03844-True]" time="0.003" /><testcase classname="tests.test_rag_entity_conversation_characterization" name="test_has_explicit_code_recognizes_supported_code_families[Chi tiet PUMP-7A-True]" time="0.005" /><testcase classname="tests.test_rag_entity_conversation_characterization" name="test_has_explicit_code_recognizes_supported_code_families[Tai lieu 123-456-True]" time="0.003" /><testcase classname="tests.test_rag_entity_conversation_characterization" name="test_has_explicit_code_recognizes_supported_code_families[khung inox kich thuoc 381 x 470 mm-False]" time="0.003" /><testcase classname="tests.test_rag_entity_conversation_characterization" name="test_has_explicit_code_recognizes_supported_code_families[None-False]" time="0.003" /><testcase classname="tests.test_rag_entity_conversation_characterization" name="test_resolver_passes_through_when_retrieval_is_empty" time="0.004" /><testcase classname="tests.test_rag_entity_conversation_characterization" name="test_resolver_selects_the_only_candidate_group_even_without_constraints" time="0.003" /><testcase classname="tests.test_rag_entity_conversation_characterization" name="test_resolver_selects_clear_dimension_match_over_other_candidates" time="0.003" /><testcase classname="tests.test_rag_entity_conversation_characterization" name="test_resolver_reports_insufficient_when_constraints_match_nothing" time="0.004" /><testcase classname="tests.test_rag_entity_conversation_characterization" name="test_resolver_keeps_close_material_matches_ambiguous" time="0.004" /><testcase classname="tests.test_rag_entity_conversation_characterization" name="test_resolver_without_constraints_returns_ranked_limited_choices" time="0.003" /><testcase classname="tests.test_rag_entity_conversation_characterization" name="test_resolver_uses_file_name_as_candidate_key_when_code_is_missing" time="0.003" /><testcase classname="tests.test_rag_entity_conversation_characterization" name="test_candidate_table_handles_variant_version_and_markdown_content" time="0.002" /><testcase classname="tests.test_rag_entity_conversation_characterization" name="test_continuation_detection_distinguishes_follow_up_from_new_short_topic[V\xe2ng, n\xf3i r\xf5 h\u01a1n-True]" time="0.004" /><testcase classname="tests.test_rag_entity_conversation_characterization" name="test_continuation_detection_distinguishes_follow_up_from_new_short_topic[li\u1ec7t k\xea ph\u1ea7n c\xf2n l\u1ea1i-True]" time="0.003" /><testcase classname="tests.test_rag_entity_conversation_characterization" name="test_continuation_detection_distinguishes_follow_up_from_new_short_topic[c\xe1i \u0111\xf3 th\xec sao-True]" time="0.003" /><testcase classname="tests.test_rag_entity_conversation_characterization" name="test_continuation_detection_distinguishes_follow_up_from_new_short_topic[b\u1ea3ng l\u01b0\u01a1ng th\xe1ng 06-False]" time="0.003" /><testcase classname="tests.test_rag_entity_conversation_characterization" name="test_continuation_detection_distinguishes_follow_up_from_new_short_topic[-False]" time="0.005" /><testcase classname="tests.test_rag_entity_conversation_characterization" name="test_continuation_detection_distinguishes_follow_up_from_new_short_topic[None-False]" time="0.003" /><testcase classname="tests.test_rag_entity_conversation_characterization" name="test_dominant_doc_refs_uses_frequency_then_retrieval_order_and_file_fallback" time="0.003" /><testcase classname="tests.test_rag_entity_conversation_characterization" name="test_history_split_preserves_order_and_special_window_modes[history0-2-expected_overflow0-expected_recent0]" time="0.003" /><testcase classname="tests.test_rag_entity_conversation_characterization" name="test_history_split_preserves_order_and_special_window_modes[history1-2-expected_overflow1-expected_recent1]" time="0.005" /><testcase classname="tests.test_rag_entity_conversation_characterization" name="test_history_split_preserves_order_and_special_window_modes[history2--1-expected_overflow2-expected_recent2]" time="0.003" /><testcase classname="tests.test_rag_entity_conversation_characterization" name="test_history_split_preserves_order_and_special_window_modes[history3-None-expected_overflow3-expected_recent3]" time="0.003" /><testcase classname="tests.test_rag_entity_conversation_characterization" name="test_history_split_preserves_order_and_special_window_modes[None-2-expected_overflow4-expected_recent4]" time="0.003" /><testcase classname="tests.test_rag_entity_conversation_characterization" name="test_summary_refresh_waits_for_configured_increment[0-0-2-False]" time="0.005" /><testcase classname="tests.test_rag_entity_conversation_characterization" name="test_summary_refresh_waits_for_configured_increment[2-0-2-True]" time="0.003" /><testcase classname="tests.test_rag_entity_conversation_characterization" name="test_summary_refresh_waits_for_configured_increment[3-2-2-False]" time="0.004" /><testcase classname="tests.test_rag_entity_conversation_characterization" name="test_summary_refresh_waits_for_configured_increment[4-2-2-True]" time="0.006" /><testcase classname="tests.test_rag_entity_conversation_characterization" name="test_summary_refresh_waits_for_configured_increment[4-3-1-True]" time="0.003" /><testcase classname="tests.test_rag_entity_conversation_characterization" name="test_history_summary_flag_uses_explicit_runtime_value[None-False]" time="0.003" /><testcase classname="tests.test_rag_entity_conversation_characterization" name="test_history_summary_flag_uses_explicit_runtime_value[False-False]" time="0.003" /><testcase classname="tests.test_rag_entity_conversation_characterization" name="test_history_summary_flag_uses_explicit_runtime_value[True-True]" time="0.005" /><testcase classname="tests.test_rag_entity_conversation_characterization" name="test_history_summary_flag_uses_explicit_runtime_value[0-False]" time="0.003" /><testcase classname="tests.test_rag_entity_conversation_characterization" name="test_history_summary_flag_uses_explicit_runtime_value[1-True]" time="0.003" /><testcase classname="tests.unit.test_access_repository_contract" name="test_create_access_request_deduplicates_pending_request" time="0.005" /><testcase classname="tests.unit.test_access_repository_contract" name="test_create_access_request_persists_capped_payload_and_audits" time="0.004" /><testcase classname="tests.unit.test_access_repository_contract" name="test_create_access_request_fails_closed_for_database_error" time="0.004" /><testcase classname="tests.unit.test_access_repository_contract" name="test_create_access_request_remains_successful_when_audit_is_unavailable" time="0.003" /><testcase classname="tests.unit.test_access_repository_contract" name="test_access_request_reads_map_rows_and_apply_filters" time="0.006" /><testcase classname="tests.unit.test_access_repository_contract" name="test_access_request_reads_fail_closed_for_database_errors" time="0.005" /><testcase classname="tests.unit.test_access_repository_contract" name="test_resolve_access_request_rejects_invalid_decision_without_db[approve]" time="0.003" /><testcase classname="tests.unit.test_access_repository_contract" name="test_resolve_access_request_rejects_invalid_decision_without_db[]" time="0.004" /><testcase classname="tests.unit.test_access_repository_contract" name="test_resolve_access_request_rejects_invalid_decision_without_db[None]" time="0.004" /><testcase classname="tests.unit.test_access_repository_contract" name="test_resolve_access_request_rejects_missing_or_completed_request" time="0.003" /><testcase classname="tests.unit.test_access_repository_contract" name="test_resolve_security_request_applies_clearance_updates_request_and_invalidates_cache" time="0.003" /><testcase classname="tests.unit.test_access_repository_contract" name="test_resolve_department_request_adds_only_missing_membership[None]" time="0.006" /><testcase classname="tests.unit.test_access_repository_contract" name="test_resolve_department_request_adds_only_missing_membership[existing1]" time="0.003" /><testcase classname="tests.unit.test_access_repository_contract" name="test_resolve_rejected_request_only_updates_status_and_database_errors_return_failure" time="0.003" /><testcase classname="tests.unit.test_access_repository_contract" name="test_list_users_with_access_joins_clearance_and_departments" time="0.004" /><testcase classname="tests.unit.test_access_repository_contract" name="test_revoke_clearance_validates_level_and_records_previous_value" time="0.004" /><testcase classname="tests.unit.test_access_repository_contract" name="test_revoke_department_validates_input_and_reports_removed_rows" time="0.003" /><testcase classname="tests.unit.test_access_repository_contract" name="test_access_management_operations_fail_closed_for_database_errors[list_users_with_access-args0]" time="0.004" /><testcase classname="tests.unit.test_access_repository_contract" name="test_access_management_operations_fail_closed_for_database_errors[revoke_user_clearance-args1]" time="0.006" /><testcase classname="tests.unit.test_access_repository_contract" name="test_access_management_operations_fail_closed_for_database_errors[revoke_user_department-args2]" time="0.004" /><testcase classname="tests.unit.test_access_repository_contract" name="test_get_grant_history_maps_audit_rows" time="0.003" /><testcase classname="tests.unit.test_analytics_repository_contract" name="test_department_dashboard_combines_owned_shared_and_job_counts" time="0.004" /><testcase classname="tests.unit.test_analytics_repository_contract" name="test_department_dashboard_keeps_owned_counts_when_shared_query_is_unsupported" time="0.003" /><testcase classname="tests.unit.test_analytics_repository_contract" name="test_department_dashboard_and_count_fail_closed_on_database_error" time="0.004" /><testcase classname="tests.unit.test_analytics_repository_contract" name="test_count_docs_by_department_normalizes_null_counts" time="0.003" /><testcase classname="tests.unit.test_analytics_repository_contract" name="test_usage_analytics_returns_normalized_questions_documents_and_no_answer_rate" time="0.005" /><testcase classname="tests.unit.test_analytics_repository_contract" name="test_usage_analytics_preserves_empty_shape_on_database_failure" time="0.003" /><testcase classname="tests.unit.test_analytics_repository_contract" name="test_trace_summary_is_idempotent_when_trace_already_exists" time="0.003" /><testcase classname="tests.unit.test_analytics_repository_contract" name="test_trace_summary_caps_identity_and_sanitizes_metrics" time="0.004" /><testcase classname="tests.unit.test_analytics_repository_contract" name="test_trace_summary_ignores_empty_id_and_database_failure" time="0.005" /><testcase classname="tests.unit.test_analytics_repository_contract" name="test_observability_shapes_all_dashboard_sections" time="0.003" /><testcase classname="tests.unit.test_analytics_repository_contract" name="test_observability_preserves_safe_shape_on_database_failure" time="0.004" /><testcase classname="tests.unit.test_answer_policy" name="test_access_denial_overrides_retrieval_quality_without_exposing_source_details" time="0.004" /><testcase classname="tests.unit.test_answer_policy" name="test_explicit_negative_evidence_is_terminal_and_does_not_trigger_correction" time="0.003" /><testcase classname="tests.unit.test_answer_policy" name="test_negative_evidence_quote_is_preserved_for_audit" time="0.003" /><testcase classname="tests.unit.test_answer_policy" name="test_explicit_negative_answer_is_deterministic_and_keeps_source_id" time="0.003" /><testcase classname="tests.unit.test_answer_policy" name="test_negative_evidence_source_id_comes_from_document_containing_quote" time="0.003" /><testcase classname="tests.unit.test_answer_policy" name="test_cited_negative_answer_falls_back_when_source_cannot_be_resolved" time="0.004" /><testcase classname="tests.unit.test_answer_policy" name="test_explicit_negative_evidence_detector_requires_direct_source_statement[T\xe0i li\u1ec7u kh\xf4ng c\xf4ng b\u1ed1 chi ph\xed ho\u1eb7c \u0111\u01a1n gi\xe1.]" time="0.003" /><testcase classname="tests.unit.test_answer_policy" name="test_explicit_negative_evidence_detector_requires_direct_source_statement[Kh\xf4ng c\xf3 tr\u01b0\u1eddng \u0111\u01a1n gi\xe1 trong BOM n\xe0y.]" time="0.003" /><testcase classname="tests.unit.test_answer_policy" name="test_explicit_negative_evidence_detector_requires_direct_source_statement[The document does not provide unit price or cost.]" time="0.003" /><testcase classname="tests.unit.test_answer_policy" name="test_negative_detector_does_not_treat_plain_missing_terms_as_explicit_evidence" time="0.005" /><testcase classname="tests.unit.test_answer_policy" name="test_negative_detector_does_not_cross_sentence_into_positive_evidence" time="0.004" /><testcase classname="tests.unit.test_answer_policy" name="test_ambiguous_evidence_only_allows_correction_when_retrieval_can_improve" time="0.003" /><testcase classname="tests.unit.test_answer_policy" name="test_branch_coverage_produces_partial_or_full_answer_policy" time="0.004" /><testcase classname="tests.unit.test_answer_policy" name="test_clarification_policy_is_terminal_without_retrieval_correction" time="0.003" /><testcase classname="tests.unit.test_answer_policy" name="test_terminal_outcomes_use_the_same_answer_policy_seam[no_retrieved_docs-False-insufficient_evidence]" time="0.003" /><testcase classname="tests.unit.test_answer_policy" name="test_terminal_outcomes_use_the_same_answer_policy_seam[no_docs_for_exact_code-False-insufficient_evidence]" time="0.003" /><testcase classname="tests.unit.test_answer_policy" name="test_terminal_outcomes_use_the_same_answer_policy_seam[access_denied-True-access_denied]" time="0.005" /><testcase classname="tests.unit.test_app_api_security" name="test_importing_security_helpers_does_not_load_global_settings_module" time="0.814" /><testcase classname="tests.unit.test_app_api_security" name="test_session_token_round_trip" time="0.005" /><testcase classname="tests.unit.test_app_api_security" name="test_session_token_rejects_tampering" time="0.004" /><testcase classname="tests.unit.test_app_api_security" name="test_missing_session_secret_fails_without_echoing_secret_values" time="0.006" /><testcase classname="tests.unit.test_app_api_security" name="test_session_token_expires" time="0.007" /><testcase classname="tests.unit.test_app_api_security" name="test_csrf_required_for_mutating_request" time="0.007" /><testcase classname="tests.unit.test_app_api_security" name="test_session_security_uses_the_explicit_snapshot_not_later_environment" time="0.004" /><testcase classname="tests.unit.test_app_api_security" name="test_session_cookie_uses_typed_security_settings" time="0.004" /><testcase classname="tests.unit.test_app_api_security" name="test_request_binding_keeps_concurrent_security_settings_isolated" time="0.007" /><testcase classname="tests.unit.test_app_chat_orchestration" name="test_ingestion_eta_returns_flat_queue_metrics" time="0.003" /><testcase classname="tests.unit.test_app_chat_orchestration" name="test_dashboard_requires_admin_role" time="0.003" /><testcase classname="tests.unit.test_app_chat_orchestration" name="test_dashboard_endpoint_is_role_aware_for_viewer" time="0.710" /><testcase classname="tests.unit.test_app_chat_orchestration" name="test_external_ai_policy_endpoint_returns_metadata_only" time="0.280" /><testcase classname="tests.unit.test_app_chat_orchestration" name="test_chat_message_serializes_typed_runner_events_without_transport_or_repository_patching" time="0.016" /><testcase classname="tests.unit.test_app_chat_orchestration" name="test_text_citation_has_download_without_preview" time="0.003" /><testcase classname="tests.unit.test_app_chat_orchestration" name="test_live_citation_filter_requires_exact_source_id" time="0.004" /><testcase classname="tests.unit.test_app_chat_orchestration" name="test_chat_message_serializes_runner_error_without_persistence_seam_patching" time="0.015" /><testcase classname="tests.unit.test_app_chat_orchestration" name="test_crag_pilot_replay_queue_is_bounded_and_drops_without_submitting" time="0.004" /><testcase classname="tests.unit.test_app_process_composition" name="test_create_app_captures_typed_process_settings_without_starting_resources" time="0.393" /><testcase classname="tests.unit.test_app_process_composition" name="test_create_app_builds_rag_transport_from_the_captured_snapshot" time="0.011" /><testcase classname="tests.unit.test_app_process_composition" name="test_app_lifespan_closes_sql_and_qdrant_resources" time="0.028" /><testcase classname="tests.unit.test_app_process_composition" name="test_app_lifespan_closes_sql_when_qdrant_startup_fails" time="0.018" /><testcase classname="tests.unit.test_app_runtime_composition" name="test_build_app_runtime_keeps_explicit_dependencies_and_streams_with_runner" time="0.004" /><testcase classname="tests.unit.test_app_runtime_composition" name="test_app_runtime_is_frozen" time="0.005" /><testcase classname="tests.unit.test_app_runtime_composition" name="test_build_default_app_runtime_owns_production_adapter_wiring" time="0.005" /><testcase classname="tests.unit.test_app_server_endpoint_characterization" name="test_app_server_compatibility_wrappers_keep_legacy_call_shape[_sources_for_chat_ids-parameters0]" time="0.004" /><testcase classname="tests.unit.test_app_server_endpoint_characterization" name="test_app_server_compatibility_wrappers_keep_legacy_call_shape[_decorate_history_messages-parameters1]" time="0.004" /><testcase classname="tests.unit.test_app_server_endpoint_characterization" name="test_app_server_compatibility_wrappers_keep_legacy_call_shape[history-parameters2]" time="0.005" /><testcase classname="tests.unit.test_app_server_endpoint_characterization" name="test_app_server_compatibility_wrappers_keep_legacy_call_shape[upload_chat_image-parameters3]" time="0.003" /><testcase classname="tests.unit.test_app_server_endpoint_characterization" name="test_app_server_compatibility_wrappers_keep_legacy_call_shape[citation_page-parameters4]" time="0.003" /><testcase classname="tests.unit.test_app_server_endpoint_characterization" name="test_app_server_compatibility_wrappers_keep_legacy_call_shape[original_document-parameters5]" time="0.007" /><testcase classname="tests.unit.test_app_server_endpoint_characterization" name="test_app_server_compatibility_wrappers_keep_legacy_call_shape[chat_image-parameters6]" time="0.003" /><testcase classname="tests.unit.test_app_server_endpoint_characterization" name="test_app_server_compatibility_wrappers_keep_legacy_call_shape[documents_upload_batch-parameters7]" time="0.004" /><testcase classname="tests.unit.test_app_server_endpoint_characterization" name="test_app_server_compatibility_wrappers_keep_legacy_call_shape[documents_review_bulk-parameters8]" time="0.009" /><testcase classname="tests.unit.test_app_server_endpoint_characterization" name="test_app_server_compatibility_wrappers_keep_legacy_call_shape[document_publish_new_version-parameters9]" time="0.006" /><testcase classname="tests.unit.test_app_server_endpoint_characterization" name="test_app_server_compatibility_wrappers_keep_legacy_call_shape[document_publish_new_variant-parameters10]" time="0.008" /><testcase classname="tests.unit.test_app_server_endpoint_characterization" name="test_app_server_compatibility_wrappers_keep_legacy_call_shape[document_publish_standalone-parameters11]" time="0.008" /><testcase classname="tests.unit.test_app_server_endpoint_characterization" name="test_app_server_compatibility_wrappers_keep_legacy_call_shape[ingestion_publish-parameters12]" time="0.004" /><testcase classname="tests.unit.test_app_server_endpoint_characterization" name="test_app_server_compatibility_wrappers_keep_legacy_call_shape[feedback_classify-parameters13]" time="0.004" /><testcase classname="tests.unit.test_app_server_endpoint_characterization" name="test_batch_upload_returns_created_jobs_and_per_file_authorization_errors" time="0.021" /><testcase classname="tests.unit.test_app_server_endpoint_characterization" name="test_batch_upload_rejects_viewer_before_storing_files" time="0.014" /><testcase classname="tests.unit.test_app_server_endpoint_characterization" name="test_batch_upload_rejects_more_than_fifty_files_before_storing" time="0.046" /><testcase classname="tests.unit.test_app_server_endpoint_characterization" name="test_batch_upload_removes_staged_file_when_job_creation_fails" time="0.020" /><testcase classname="tests.unit.test_app_server_endpoint_characterization" name="test_batch_upload_rejects_invalid_json_fields[meta_json-not-json-meta_json kh\xf4ng h\u1ee3p l\u1ec7 (JSON)]" time="0.018" /><testcase classname="tests.unit.test_app_server_endpoint_characterization" name="test_batch_upload_rejects_invalid_json_fields[assignments_json-{}-assignments_json ph\u1ea3i l\xe0 array JSON]" time="0.014" /><testcase classname="tests.unit.test_app_server_endpoint_characterization" name="test_bulk_metadata_rejects_empty_contract_fields[payload0]" time="0.013" /><testcase classname="tests.unit.test_app_server_endpoint_characterization" name="test_bulk_metadata_rejects_empty_contract_fields[payload1]" time="0.010" /><testcase classname="tests.unit.test_app_server_endpoint_characterization" name="test_bulk_metadata_reports_mixed_results_without_leaking_internal_errors" time="0.014" /><testcase classname="tests.unit.test_app_server_endpoint_characterization" name="test_bulk_review_rejects_unauthorized_actor_before_work" time="0.013" /><testcase classname="tests.unit.test_app_server_endpoint_characterization" name="test_bulk_review_rejects_invalid_request_contract[payload0]" time="0.012" /><testcase classname="tests.unit.test_app_server_endpoint_characterization" name="test_bulk_review_rejects_invalid_request_contract[payload1]" time="0.012" /><testcase classname="tests.unit.test_app_server_endpoint_characterization" name="test_bulk_review_reports_valid_and_failed_items" time="0.011" /><testcase classname="tests.unit.test_app_server_endpoint_characterization" name="test_bulk_review_executes_reject_and_delete_boundaries[reject]" time="0.013" /><testcase classname="tests.unit.test_app_server_endpoint_characterization" name="test_bulk_review_executes_reject_and_delete_boundaries[delete]" time="0.015" /><testcase classname="tests.unit.test_app_server_endpoint_characterization" name="test_citation_page_denies_before_resolving_any_file" time="0.015" /><testcase classname="tests.unit.test_app_server_endpoint_characterization" name="test_citation_page_returns_safe_placeholder_and_audits_confidential_read" time="0.013" /><testcase classname="tests.unit.test_app_server_endpoint_characterization" name="test_citation_page_serves_authorized_rendered_image" time="0.065" /><testcase classname="tests.unit.test_app_server_endpoint_characterization" name="test_original_document_serves_only_authorized_resolved_file" time="0.019" /><testcase classname="tests.unit.test_app_server_endpoint_characterization" name="test_original_document_fails_closed_when_resolved_file_is_missing" time="0.014" /><testcase classname="tests.unit.test_app_server_endpoint_characterization" name="test_original_document_denies_before_resolving_file" time="0.013" /><testcase classname="tests.unit.test_app_server_endpoint_characterization" name="test_chat_stream_serializes_incomplete_runner_error_after_visible_delta" time="0.017" /><testcase classname="tests.unit.test_app_server_endpoint_characterization" name="test_chat_stream_serializes_upstream_runner_error" time="0.017" /><testcase classname="tests.unit.test_app_server_endpoint_characterization" name="test_chat_persistence_failure_warns_but_completes_without_exception_detail_assertion" time="0.016" /><testcase classname="tests.unit.test_app_server_remaining_endpoint_contracts" name="test_documents_contract_filters_lifecycle_and_audits_global_admin" time="0.025" /><testcase classname="tests.unit.test_app_server_remaining_endpoint_contracts" name="test_documents_contract_rejects_invalid_or_unauthorized_lifecycle_bucket" time="0.020" /><testcase classname="tests.unit.test_app_server_remaining_endpoint_contracts" name="test_single_upload_creates_job_with_normalized_metadata" time="0.018" /><testcase classname="tests.unit.test_app_server_remaining_endpoint_contracts" name="test_single_upload_removes_staged_file_when_job_is_rejected" time="0.016" /><testcase classname="tests.unit.test_app_server_remaining_endpoint_contracts" name="test_access_request_and_self_history_forward_server_identity" time="0.022" /><testcase classname="tests.unit.test_app_server_remaining_endpoint_contracts" name="test_access_request_fails_closed_when_repository_rejects" time="0.012" /><testcase classname="tests.unit.test_app_server_remaining_endpoint_contracts" name="test_document_metadata_lifecycle_and_state_contracts" time="0.044" /><testcase classname="tests.unit.test_app_server_remaining_endpoint_contracts" name="test_document_metadata_denial_stops_mutation" time="0.014" /><testcase classname="tests.unit.test_app_server_remaining_endpoint_contracts" name="test_document_publication_routes_bind_server_actor[/api/documents/42/publish-new-version-new_version]" time="0.016" /><testcase classname="tests.unit.test_app_server_remaining_endpoint_contracts" name="test_document_publication_routes_bind_server_actor[/api/documents/42/publish-new-variant-new_variant]" time="0.014" /><testcase classname="tests.unit.test_app_server_remaining_endpoint_contracts" name="test_document_publication_routes_bind_server_actor[/api/documents/42/publish-standalone-standalone]" time="0.016" /><testcase classname="tests.unit.test_app_server_remaining_endpoint_contracts" name="test_governance_and_site_updates_validate_repository_outcomes" time="0.029" /><testcase classname="tests.unit.test_app_server_remaining_endpoint_contracts" name="test_governance_value_error_is_mapped_without_asserting_internal_text" time="0.010" /><testcase classname="tests.unit.test_app_server_remaining_endpoint_contracts" name="test_ingestion_listing_and_queue_controls" time="0.051" /><testcase classname="tests.unit.test_app_server_remaining_endpoint_contracts" name="test_ingestion_publish_requires_matching_document" time="0.012" /><testcase classname="tests.unit.test_app_server_remaining_endpoint_contracts" name="test_ingestion_publish_marks_job_only_after_published_transition" time="0.013" /><testcase classname="tests.unit.test_app_server_remaining_endpoint_contracts" name="test_user_creation_validates_password_and_applies_access_profile" time="0.021" /><testcase classname="tests.unit.test_app_server_remaining_endpoint_contracts" name="test_catalog_rollout_and_governance_contracts" time="0.042" /><testcase classname="tests.unit.test_app_server_remaining_endpoint_contracts" name="test_catalog_value_errors_are_mapped_without_asserting_internal_text[/api/catalog/departments/CoKhi/rollout-plan-upsert_department_rollout_plan]" time="0.014" /><testcase classname="tests.unit.test_app_server_remaining_endpoint_contracts" name="test_catalog_value_errors_are_mapped_without_asserting_internal_text[/api/catalog/departments/CoKhi/knowledge-governance-upsert_department_knowledge_governance]" time="0.014" /><testcase classname="tests.unit.test_app_server_remaining_endpoint_contracts" name="test_catalog_value_errors_are_mapped_without_asserting_internal_text[/api/catalog/departments/CoKhi/domain-profile-upsert_department_domain_profile]" time="0.014" /><testcase classname="tests.unit.test_app_server_remaining_endpoint_contracts" name="test_missing_department_governance_and_domain_profile_return_not_found" time="0.022" /><testcase classname="tests.unit.test_app_server_remaining_endpoint_contracts" name="test_glossary_repository_rejection_becomes_safe_client_error" time="0.016" /><testcase classname="tests.unit.test_app_server_remaining_endpoint_contracts" name="test_feedback_without_correct_answer_does_not_query_golden_source" time="0.015" /><testcase classname="tests.unit.test_app_server_remaining_endpoint_contracts" name="test_feedback_correction_creates_golden_and_regression_evidence" time="0.013" /><testcase classname="tests.unit.test_app_server_remaining_endpoint_contracts" name="test_quality_and_external_policy_contracts" time="0.029" /><testcase classname="tests.unit.test_app_server_remaining_endpoint_contracts" name="test_external_policy_validation_failure_does_not_invalidate_cache" time="0.014" /><testcase classname="tests.unit.test_app_server_remaining_endpoint_contracts" name="test_graph_reviews_map_repository_failures_without_audit[result0-404-proposal]" time="0.011" /><testcase classname="tests.unit.test_app_server_remaining_endpoint_contracts" name="test_graph_reviews_map_repository_failures_without_audit[result0-404-summary]" time="0.014" /><testcase classname="tests.unit.test_app_server_remaining_endpoint_contracts" name="test_graph_reviews_map_repository_failures_without_audit[result1-409-proposal]" time="0.015" /><testcase classname="tests.unit.test_app_server_remaining_endpoint_contracts" name="test_graph_reviews_map_repository_failures_without_audit[result1-409-summary]" time="0.016" /><testcase classname="tests.unit.test_app_server_remaining_endpoint_contracts" name="test_graph_reviews_audit_successful_server_bound_actor[/api/admin/graph/proposals/5/reject-review_graph_proposal-graph_proposal_reject]" time="0.014" /><testcase classname="tests.unit.test_app_server_remaining_endpoint_contracts" name="test_graph_reviews_audit_successful_server_bound_actor[/api/admin/graph/community-summaries/5/reject-review_community_summary-graph_community_summary_reject]" time="0.014" /><testcase classname="tests.unit.test_app_server_wave5_contracts" name="test_auth_session_lifecycle_exposes_only_public_profile" time="0.271" /><testcase classname="tests.unit.test_app_server_wave5_contracts" name="test_auth_profile_and_refresh_fail_closed_for_inactive_user" time="0.313" /><testcase classname="tests.unit.test_app_server_wave5_contracts" name="test_protected_dependencies_reject_inactive_session_before_storage" time="0.308" /><testcase classname="tests.unit.test_app_server_wave5_contracts" name="test_preference_update_reports_storage_rejection" time="0.019" /><testcase classname="tests.unit.test_app_server_wave5_contracts" name="test_chat_image_upload_validates_content_and_returns_owner_token" time="0.069" /><testcase classname="tests.unit.test_app_server_wave5_contracts" name="test_chat_message_rejects_untrusted_image_tokens_before_rag" time="0.031" /><testcase classname="tests.unit.test_app_server_wave5_contracts" name="test_chat_history_feedback_and_session_contracts" time="0.064" /><testcase classname="tests.unit.test_app_server_wave5_contracts" name="test_history_exposes_only_sources_attributed_by_each_answer" time="0.018" /><testcase classname="tests.unit.test_app_server_wave5_contracts" name="test_chat_image_download_fails_closed_until_owner_is_proven" time="0.041" /><testcase classname="tests.unit.test_app_server_wave5_contracts" name="test_chat_image_download_rejects_disappeared_file" time="0.016" /><testcase classname="tests.unit.test_app_server_wave5_contracts" name="test_access_administration_binds_identity_and_preserves_failure" time="0.057" /><testcase classname="tests.unit.test_app_server_wave5_contracts" name="test_security_admin_user_mutations_report_repository_outcomes" time="0.058" /><testcase classname="tests.unit.test_app_server_wave5_contracts" name="test_bulk_metadata_selector_normalizes_status_suffixes" time="0.030" /><testcase classname="tests.unit.test_app_server_wave5_contracts" name="test_document_lifecycle_counts_hide_reviewer_only_buckets" time="0.020" /><testcase classname="tests.unit.test_app_server_wave5_contracts" name="test_health_reports_database_probe_outcome" time="0.021" /><testcase classname="tests.unit.test_app_server_wave5_contracts" name="test_single_upload_validates_file_before_creating_job" time="0.040" /><testcase classname="tests.unit.test_app_server_wave5_contracts" name="test_ingestion_rejection_never_reports_false_success[True-False-True]" time="0.014" /><testcase classname="tests.unit.test_app_server_wave5_contracts" name="test_ingestion_rejection_never_reports_false_success[False-True-True]" time="0.012" /><testcase classname="tests.unit.test_app_server_wave5_contracts" name="test_ingestion_rejection_never_reports_false_success[False-False-False]" time="0.012" /><testcase classname="tests.unit.test_app_sse_proxy" name="test_iter_sse_events_preserves_real_deltas" time="0.004" /><testcase classname="tests.unit.test_auth_core" name="test_rate_limited_returns_none" time="0.004" /><testcase classname="tests.unit.test_auth_core" name="test_engine_none_returns_none" time="0.003" /><testcase classname="tests.unit.test_auth_core" name="test_unknown_user_returns_none" time="0.003" /><testcase classname="tests.unit.test_auth_core" name="test_wrong_password_returns_none" time="0.429" /><testcase classname="tests.unit.test_auth_core" name="test_successful_login_returns_profile" time="0.438" /><testcase classname="tests.unit.test_auth_core" name="test_load_user_profile_returns_current_db_permissions" time="0.003" /><testcase classname="tests.unit.test_auth_core" name="test_load_user_profile_rejects_mismatched_username" time="0.003" /><testcase classname="tests.unit.test_auth_core" name="test_update_user_preferred_language_persists_valid_lang" time="0.003" /><testcase classname="tests.unit.test_auth_core" name="test_update_user_preferred_language_rejects_invalid_lang" time="0.003" /><testcase classname="tests.unit.test_authorization_capabilities" name="test_platform_admin_capability_is_explicit_only" time="0.004" /><testcase classname="tests.unit.test_authorization_capabilities" name="test_legacy_admin_keeps_non_platform_compatibility[security_admin]" time="0.003" /><testcase classname="tests.unit.test_authorization_capabilities" name="test_legacy_admin_keeps_non_platform_compatibility[knowledge_approver]" time="0.003" /><testcase classname="tests.unit.test_authorization_capabilities" name="test_legacy_admin_keeps_non_platform_compatibility[reviewer]" time="0.003" /><testcase classname="tests.unit.test_authorization_capabilities" name="test_legacy_admin_keeps_non_platform_compatibility[uploader]" time="0.004" /><testcase classname="tests.unit.test_authorization_capabilities" name="test_legacy_admin_keeps_non_platform_compatibility[viewer]" time="0.003" /><testcase classname="tests.unit.test_authorization_capabilities" name="test_legacy_admin_keeps_non_platform_compatibility[knowledge_consumer]" time="0.003" /><testcase classname="tests.unit.test_authorization_capabilities" name="test_platform_admin_does_not_inherit_document_workflow_roles" time="0.002" /><testcase classname="tests.unit.test_bom_repository" name="test_bom_search_restores_exact_decimal_and_stable_source_row" time="0.003" /><testcase classname="tests.unit.test_bom_repository" name="test_bom_fact_search_supports_document_scope_without_part_code" time="0.004" /><testcase classname="tests.unit.test_bom_repository_contract" name="test_material_normalization_uses_registered_domain_port" time="0.003" /><testcase classname="tests.unit.test_bom_repository_contract" name="test_material_normalization_has_deterministic_fallback_when_registry_fails" time="0.003" /><testcase classname="tests.unit.test_bom_repository_contract" name="test_save_records_rejects_missing_document_or_empty_batch_without_database_access" time="0.004" /><testcase classname="tests.unit.test_bom_repository_contract" name="test_save_records_bulk_inserts_sanitized_rows" time="0.004" /><testcase classname="tests.unit.test_bom_repository_contract" name="test_save_records_returns_zero_on_database_failure" time="0.004" /><testcase classname="tests.unit.test_bom_repository_contract" name="test_fact_search_requires_scope_and_authenticated_roles" time="0.004" /><testcase classname="tests.unit.test_bom_repository_contract" name="test_admin_code_search_uses_fulltext_and_returns_typed_provenance" time="0.005" /><testcase classname="tests.unit.test_bom_repository_contract" name="test_code_search_falls_back_to_like_without_fulltext" time="0.003" /><testcase classname="tests.unit.test_bom_repository_contract" name="test_non_admin_search_applies_department_clearance_and_strict_site" time="0.005" /><testcase classname="tests.unit.test_bom_repository_contract" name="test_confidential_clearance_allows_legacy_empty_security_and_compat_empty_site" time="0.005" /><testcase classname="tests.unit.test_bom_repository_contract" name="test_non_admin_without_allowed_sites_is_forced_to_empty_result" time="0.003" /><testcase classname="tests.unit.test_bom_repository_contract" name="test_document_scope_narrows_code_search_and_unknown_policy_defaults_current" time="0.004" /><testcase classname="tests.unit.test_bom_repository_contract" name="test_fact_search_degrades_invalid_quantity_and_source_metadata" time="0.004" /><testcase classname="tests.unit.test_bom_repository_contract" name="test_fact_search_fails_closed_on_database_error" time="0.005" /><testcase classname="tests.unit.test_bom_repository_contract" name="test_legacy_code_search_forwards_public_scope" time="0.003" /><testcase classname="tests.unit.test_bulk_metadata_candidates" name="test_bulk_metadata_candidates_include_documents_pending_review" time="0.003" /><testcase classname="tests.unit.test_candidate_diversity" name="test_diversify_deduplicates_and_caps_per_document" time="0.005" /><testcase classname="tests.unit.test_candidate_diversity" name="test_diversify_respects_global_cap" time="0.003" /><testcase classname="tests.unit.test_capture_refactor_baseline" name="test_capture_writes_complete_deterministic_bundle" time="0.034" /><testcase classname="tests.unit.test_capture_refactor_baseline" name="test_capture_redacts_sensitive_content_and_preserves_openapi" time="0.032" /><testcase classname="tests.unit.test_capture_refactor_baseline" name="test_capture_records_sse_upload_and_pytest_contracts" time="0.031" /><testcase classname="tests.unit.test_capture_refactor_baseline" name="test_capture_manifest_hashes_every_artifact" time="0.030" /><testcase classname="tests.unit.test_capture_refactor_baseline" name="test_capture_rejects_missing_or_unknown_explicit_provenance" time="0.008" /><testcase classname="tests.unit.test_capture_refactor_baseline" name="test_cli_uses_explicit_provenance_and_injected_factories" time="0.027" /><testcase classname="tests.unit.test_capture_refactor_baseline" name="test_capture_validates_all_provenance_before_calling_factories[update0-settings must be a mapping]" time="0.006" /><testcase classname="tests.unit.test_capture_refactor_baseline" name="test_capture_validates_all_provenance_before_calling_factories[update1-commit_sha must be a string]" time="0.008" /><testcase classname="tests.unit.test_capture_refactor_baseline" name="test_capture_validates_all_provenance_before_calling_factories[update2-baseline_sha must be a string or null]" time="0.006" /><testcase classname="tests.unit.test_capture_refactor_baseline" name="test_capture_validates_all_provenance_before_calling_factories[update3-concurrency must be a positive integer]" time="0.008" /><testcase classname="tests.unit.test_capture_refactor_baseline" name="test_capture_validates_all_provenance_before_calling_factories[update4-pytest_baseline must be a mapping]" time="0.006" /><testcase classname="tests.unit.test_capture_refactor_baseline" name="test_capture_validates_all_provenance_before_calling_factories[update5-invalid pytest_baseline fields]" time="0.008" /><testcase classname="tests.unit.test_capture_refactor_baseline" name="test_capture_validates_all_provenance_before_calling_factories[update6-pytest_baseline.scope must be a string]" time="0.007" /><testcase classname="tests.unit.test_capture_refactor_baseline" name="test_capture_validates_all_provenance_before_calling_factories[update7-pytest_baseline.passed must be a non-negative integer]" time="0.009" /><testcase classname="tests.unit.test_capture_refactor_baseline" name="test_default_sse_capture_observes_real_app_endpoint_and_serializer" time="0.586" /><testcase classname="tests.unit.test_capture_refactor_baseline" name="test_isolated_observer_restores_dependency_overrides_after_failure" time="0.287" /><testcase classname="tests.unit.test_capture_refactor_baseline" name="test_isolated_observer_restores_overrides_when_client_creation_fails" time="0.005" /><testcase classname="tests.unit.test_capture_refactor_baseline" name="test_capture_rejects_invalid_observed_transcripts[transcripts0-exactly success and busy]" time="0.005" /><testcase classname="tests.unit.test_capture_refactor_baseline" name="test_capture_rejects_invalid_observed_transcripts[transcripts1-success transcript must be a sequence]" time="0.007" /><testcase classname="tests.unit.test_capture_refactor_baseline" name="test_capture_rejects_invalid_observed_transcripts[transcripts2-events must contain event and data]" time="0.006" /><testcase classname="tests.unit.test_capture_refactor_baseline" name="test_factory_loader_and_source_bootstrap_fail_closed" time="0.005" /><testcase classname="tests.unit.test_capture_refactor_baseline" name="test_cli_rejects_non_object_provenance" time="0.009" /><testcase classname="tests.unit.test_catalog_repository" name="test_resolve_site_uses_registry_mapping_with_database_site" time="0.003" /><testcase classname="tests.unit.test_catalog_repository" name="test_resolve_site_allows_registry_fallback_when_database_is_unavailable" time="0.003" /><testcase classname="tests.unit.test_catalog_repository" name="test_resolve_site_fails_closed_when_registry_mapping_fails" time="0.004" /><testcase classname="tests.unit.test_catalog_repository" name="test_department_status_normalization[ ACTIVE -False-active]" time="0.003" /><testcase classname="tests.unit.test_catalog_repository" name="test_department_status_normalization[disabled-True-disabled]" time="0.003" /><testcase classname="tests.unit.test_catalog_repository" name="test_department_status_normalization[archived-True-archived]" time="0.010" /><testcase classname="tests.unit.test_catalog_repository" name="test_department_status_normalization[unknown-True-active]" time="0.009" /><testcase classname="tests.unit.test_catalog_repository" name="test_department_status_normalization[None-False-disabled]" time="0.005" /><testcase classname="tests.unit.test_catalog_repository" name="test_split_csv_tokens_is_ordered_and_deduplicated[None-expected0]" time="0.004" /><testcase classname="tests.unit.test_catalog_repository" name="test_split_csv_tokens_is_ordered_and_deduplicated[A, B,A-expected1]" time="0.005" /><testcase classname="tests.unit.test_catalog_repository" name="test_split_csv_tokens_is_ordered_and_deduplicated[value2-expected2]" time="0.003" /><testcase classname="tests.unit.test_catalog_repository" name="test_replace_department_token_list_preserves_order_without_duplicates[A,B,A-A-C-C,B]" time="0.004" /><testcase classname="tests.unit.test_catalog_repository" name="test_replace_department_token_list_preserves_order_without_duplicates[A,B-A-None-B]" time="0.005" /><testcase classname="tests.unit.test_catalog_repository" name="test_replace_department_token_list_preserves_order_without_duplicates[A-A--None]" time="0.004" /><testcase classname="tests.unit.test_catalog_repository" name="test_replace_department_token_list_preserves_order_without_duplicates[A,B-X-C-A,B]" time="0.004" /><testcase classname="tests.unit.test_catalog_repository" name="test_catalog_cache_returns_only_fresh_values_and_supports_scoped_invalidation" time="0.006" /><testcase classname="tests.unit.test_catalog_repository" name="test_department_schema_capability_is_reported[row0-True]" time="0.004" /><testcase classname="tests.unit.test_catalog_repository" name="test_department_schema_capability_is_reported[None-False]" time="0.003" /><testcase classname="tests.unit.test_catalog_repository" name="test_department_schema_capability_fails_closed" time="0.005" /><testcase classname="tests.unit.test_catalog_repository" name="test_list_known_departments_maps_status_rows_and_returns_a_copy" time="0.004" /><testcase classname="tests.unit.test_catalog_repository" name="test_list_known_departments_supports_legacy_schema_and_database_failure" time="0.005" /><testcase classname="tests.unit.test_catalog_repository" name="test_upsert_department_validates_code_and_persists_normalized_status" time="0.006" /><testcase classname="tests.unit.test_catalog_repository" name="test_upsert_department_supports_legacy_schema_and_fails_closed" time="0.005" /><testcase classname="tests.unit.test_catalog_repository" name="test_get_department_summary_maps_counts_and_status" time="0.004" /><testcase classname="tests.unit.test_catalog_repository" name="test_get_department_summary_handles_legacy_missing_and_database_failure" time="0.009" /><testcase classname="tests.unit.test_catalog_repository" name="test_set_department_status_rejects_missing_archived_and_in_use_departments" time="0.006" /><testcase classname="tests.unit.test_catalog_repository" name="test_set_department_status_persists_audits_and_returns_fresh_summary" time="0.008" /><testcase classname="tests.unit.test_catalog_repository" name="test_set_department_status_reports_persistence_failure" time="0.006" /><testcase classname="tests.unit.test_catalog_repository" name="test_archive_department_allows_empty_department_without_force" time="0.007" /><testcase classname="tests.unit.test_catalog_repository" name="test_reassign_department_data_validates_codes[-ENG-bat buoc]" time="0.004" /><testcase classname="tests.unit.test_catalog_repository" name="test_reassign_department_data_validates_codes[ ENG -ENG-cung 1]" time="0.006" /><testcase classname="tests.unit.test_catalog_repository" name="test_reassign_department_data_rejects_missing_or_invalid_lifecycle" time="0.004" /><testcase classname="tests.unit.test_catalog_repository" name="test_reassign_department_data_moves_sql_rbac_and_reports_qdrant_failures" time="0.005" /><testcase classname="tests.unit.test_catalog_repository" name="test_reassign_department_data_supports_no_user_move_and_reports_transaction_failure" time="0.009" /><testcase classname="tests.unit.test_catalog_repository" name="test_list_known_sites_maps_rows_uses_cache_and_fails_closed" time="0.004" /><testcase classname="tests.unit.test_catalog_repository" name="test_upsert_site_validates_mutates_and_invalidates_cache" time="0.007" /><testcase classname="tests.unit.test_catalog_repository" name="test_get_user_sites_returns_rows_and_fails_closed" time="0.003" /><testcase classname="tests.unit.test_catalog_repository" name="test_user_scope_replacement_filters_blanks_and_invalidates_cache[set_user_sites-values0-user.sites]" time="0.004" /><testcase classname="tests.unit.test_catalog_repository" name="test_user_scope_replacement_filters_blanks_and_invalidates_cache[set_user_departments-values1-user.departments]" time="0.007" /><testcase classname="tests.unit.test_catalog_repository" name="test_user_scope_replacement_handles_empty_and_database_failure[set_user_sites]" time="0.005" /><testcase classname="tests.unit.test_catalog_repository" name="test_user_scope_replacement_handles_empty_and_database_failure[set_user_departments]" time="0.006" /><testcase classname="tests.unit.test_catalog_repository" name="test_set_user_clearance_validates_mutates_and_fails_closed" time="0.007" /><testcase classname="tests.unit.test_chat_repository" name="test_clear_chat_history_deletes_children_before_session" time="0.004" /><testcase classname="tests.unit.test_chat_repository_contract" name="test_save_chat_history_normalizes_public_payload" time="0.009" /><testcase classname="tests.unit.test_chat_repository_contract" name="test_save_chat_history_returns_none_when_persistence_fails" time="0.011" /><testcase classname="tests.unit.test_chat_repository_contract" name="test_answer_sources_persist_only_mapping_items_with_normalized_values" time="0.007" /><testcase classname="tests.unit.test_chat_repository_contract" name="test_answer_sources_ignore_empty_inputs[None-documents0]" time="0.007" /><testcase classname="tests.unit.test_chat_repository_contract" name="test_answer_sources_ignore_empty_inputs[1-documents1]" time="0.004" /><testcase classname="tests.unit.test_chat_repository_contract" name="test_answer_evidence_deduplicates_documents_and_records_complete_manifest" time="0.006" /><testcase classname="tests.unit.test_chat_repository_contract" name="test_answer_evidence_marks_manifest_incomplete_for_unverifiable_items" time="0.006" /><testcase classname="tests.unit.test_chat_repository_contract" name="test_answer_evidence_rejects_missing_chat_and_database_failure" time="0.009" /><testcase classname="tests.unit.test_chat_repository_contract" name="test_sessions_are_owner_scoped_even_when_admin_flag_is_true" time="0.006" /><testcase classname="tests.unit.test_chat_repository_contract" name="test_sessions_fail_closed_on_database_error" time="0.006" /><testcase classname="tests.unit.test_chat_repository_contract" name="test_history_returns_owner_messages_when_complete_evidence_is_readable" time="0.004" /><testcase classname="tests.unit.test_chat_repository_contract" name="test_history_redacts_answer_after_permissions_are_revoked" time="0.004" /><testcase classname="tests.unit.test_chat_repository_contract" name="test_history_authorization_error_fails_closed" time="0.011" /><testcase classname="tests.unit.test_chat_repository_contract" name="test_empty_history_and_database_failure_return_no_messages" time="0.010" /><testcase classname="tests.unit.test_chat_repository_contract" name="test_clear_history_is_owner_scoped_and_admin_is_not_a_bypass" time="0.005" /><testcase classname="tests.unit.test_chat_repository_contract" name="test_clear_history_propagates_database_failure" time="0.005" /><testcase classname="tests.unit.test_chat_runtime_adapters" name="test_http_adapter_maps_payload_and_sse_to_typed_events" time="0.004" /><testcase classname="tests.unit.test_chat_runtime_adapters" name="test_http_adapter_maps_busy_without_starting_persistence_contract" time="0.003" /><testcase classname="tests.unit.test_chat_runtime_adapters" name="test_http_adapter_hides_transport_exception_details" time="0.003" /><testcase classname="tests.unit.test_chat_runtime_adapters" name="test_repository_store_persists_turn_evidence_and_final_sources" time="0.005" /><testcase classname="tests.unit.test_chat_runtime_adapters" name="test_audit_adapter_preserves_typed_record_fields" time="0.003" /><testcase classname="tests.unit.test_chat_runtime_adapters" name="test_pilot_adapter_assigns_and_schedules_from_server_actor" time="0.003" /><testcase classname="tests.unit.test_chat_turn_runner" name="test_success_orders_events_and_aggregates_the_answer" time="0.006" /><testcase classname="tests.unit.test_chat_turn_runner" name="test_final_citations_and_ref_text_are_attributed_from_the_complete_answer" time="0.006" /><testcase classname="tests.unit.test_chat_turn_runner" name="test_success_persists_evidence_sources_and_confidential_access_audit" time="0.006" /><testcase classname="tests.unit.test_chat_turn_runner" name="test_unknown_evidence_security_level_is_audited_as_confidential" time="0.004" /><testcase classname="tests.unit.test_chat_turn_runner" name="test_rag_busy_fails_closed_without_persistence_or_audit" time="0.003" /><testcase classname="tests.unit.test_chat_turn_runner" name="test_stream_without_done_fails_closed_after_visible_deltas" time="0.003" /><testcase classname="tests.unit.test_chat_turn_runner" name="test_persistence_failure_warns_then_completes_the_user_response" time="0.007" /><testcase classname="tests.unit.test_chat_turn_runner" name="test_pilot_assignment_and_replay_do_not_change_the_user_stream[scheduled]" time="0.004" /><testcase classname="tests.unit.test_chat_turn_runner" name="test_pilot_assignment_and_replay_do_not_change_the_user_stream[dropped]" time="0.006" /><testcase classname="tests.unit.test_check_coverage" name="test_cli_accepts_separate_line_and_branch_coverage_at_threshold" time="0.102" /><testcase classname="tests.unit.test_check_coverage" name="test_cli_reports_each_failed_threshold_independently[79-40-expected_errors0]" time="0.114" /><testcase classname="tests.unit.test_check_coverage" name="test_cli_reports_each_failed_threshold_independently[80-39-expected_errors1]" time="0.090" /><testcase classname="tests.unit.test_check_coverage" name="test_cli_reports_each_failed_threshold_independently[79-39-expected_errors2]" time="0.096" /><testcase classname="tests.unit.test_check_coverage" name="test_cli_failure_message_preserves_near_threshold_precision" time="0.082" /><testcase classname="tests.unit.test_check_coverage" name="test_cli_rejects_malformed_report_without_leaking_contents[{&quot;totals&quot;: &quot;secret-token-123&quot;-coverage report is not valid JSON]" time="0.083" /><testcase classname="tests.unit.test_check_coverage" name="test_cli_rejects_malformed_report_without_leaking_contents[{&quot;metadata&quot;: {&quot;token&quot;: &quot;secret-token-123&quot;}}-missing object 'totals']" time="0.100" /><testcase classname="tests.unit.test_check_coverage" name="test_cli_fails_closed_when_report_has_zero_branches" time="0.111" /><testcase classname="tests.unit.test_check_coverage" name="test_cli_rejects_missing_or_malformed_totals_without_leaking_values[totals0-missing numeric total 'covered_branches']" time="0.095" /><testcase classname="tests.unit.test_check_coverage" name="test_cli_rejects_missing_or_malformed_totals_without_leaking_values[totals1-total 'covered_lines' must be a non-negative integer]" time="0.079" /><testcase classname="tests.unit.test_check_coverage" name="test_cli_rejects_missing_or_malformed_totals_without_leaking_values[totals2-total 'covered_branches' must be a non-negative integer]" time="0.085" /><testcase classname="tests.unit.test_check_coverage" name="test_cli_reports_unreadable_report_without_a_traceback" time="0.076" /><testcase classname="tests.unit.test_check_coverage" name="test_cli_rejects_thresholds_outside_percentage_range[-0.01-80]" time="0.097" /><testcase classname="tests.unit.test_check_coverage" name="test_cli_rejects_thresholds_outside_percentage_range[80-100.01]" time="0.101" /><testcase classname="tests.unit.test_claim_repair" name="test_claim_repair_rollback_flag_disables_runtime" time="0.007" /><testcase classname="tests.unit.test_claim_repair" name="test_claim_repair_accepts_one_grounded_rewrite" time="0.020" /><testcase classname="tests.unit.test_claim_repair" name="test_claim_repair_rejects_second_unsupported_answer_without_retrying" time="0.003" /><testcase classname="tests.unit.test_claim_repair" name="test_claim_repair_must_preserve_complete_rendered_citation" time="0.005" /><testcase classname="tests.unit.test_claim_repair" name="test_claim_repair_rejects_new_source_id_when_source_cards_are_deferred" time="0.003" /><testcase classname="tests.unit.test_claim_repair" name="test_claim_repair_rejects_wrong_version_for_allowed_source_id" time="0.003" /><testcase classname="tests.unit.test_claim_repair" name="test_claim_repair_rejects_invented_filename_for_allowed_source_id" time="0.004" /><testcase classname="tests.unit.test_claim_repair" name="test_claim_repair_rejects_source_card_without_source_id_when_deferred" time="0.007" /><testcase classname="tests.unit.test_clean_migration_harness" name="test_clean_migration_harness_rejects_operational_database" time="0.004" /><testcase classname="tests.unit.test_clean_migration_harness" name="test_clean_migration_harness_requires_explicit_test_name" time="0.005" /><testcase classname="tests.unit.test_clean_migration_harness" name="test_clean_migration_harness_renders_only_disposable_copy" time="0.003" /><testcase classname="tests.unit.test_clean_migration_harness" name="test_clean_migration_harness_knows_all_versioned_migrations" time="0.005" /><testcase classname="tests.unit.test_community_summaries" name="test_community_compatibility_surface_delegates_to_domain_policy" time="0.005" /><testcase classname="tests.unit.test_community_summaries" name="test_detection_is_versioned_and_ignores_unapproved_edges" time="0.003" /><testcase classname="tests.unit.test_community_summaries" name="test_generated_summary_is_always_pending_and_requires_complete_provenance" time="0.004" /><testcase classname="tests.unit.test_community_summaries" name="test_serving_fails_closed_for_pending_stale_epoch_rbac_and_source_drift" time="0.006" /><testcase classname="tests.unit.test_community_summaries" name="test_summary_rejects_unmapped_or_stale_edge_provenance" time="0.005" /><testcase classname="tests.unit.test_community_summaries" name="test_disabled_or_mismatched_community_version_cannot_serve" time="0.004" /><testcase classname="tests.unit.test_community_summaries" name="test_summary_hash_uses_canonical_stored_text" time="0.006" /><testcase classname="tests.unit.test_community_summaries" name="test_community_summary_migration_is_additive_and_pending_by_default" time="0.004" /><testcase classname="tests.unit.test_community_summaries" name="test_community_gain_hardening_migration_disables_weak_approved_versions" time="0.003" /><testcase classname="tests.unit.test_community_summaries" name="test_repository_never_inserts_generated_summary_as_approved" time="0.006" /><testcase classname="tests.unit.test_community_summaries" name="test_repository_serving_version_preserves_exact_membership" time="0.003" /><testcase classname="tests.unit.test_community_summaries" name="test_summary_review_endpoint_is_role_gated_and_audited[knowledge_approver]" time="0.003" /><testcase classname="tests.unit.test_community_summaries" name="test_summary_review_endpoint_is_role_gated_and_audited[reviewer]" time="0.004" /><testcase classname="tests.unit.test_community_summaries" name="test_summary_review_endpoint_is_role_gated_and_audited[admin]" time="0.004" /><testcase classname="tests.unit.test_community_summaries" name="test_community_summary_feature_flag_defaults_off" time="0.003" /><testcase classname="tests.unit.test_community_summaries" name="test_community_context_only_runs_for_global_queries_with_both_flags" time="0.003" /><testcase classname="tests.unit.test_community_summaries" name="test_community_context_hydrates_exact_source_pages_for_citations" time="0.004" /><testcase classname="tests.unit.test_community_summaries" name="test_community_context_fails_closed_on_stale_qdrant_source_version" time="0.004" /><testcase classname="tests.unit.test_community_summaries" name="test_community_flag_and_epoch_isolate_semantic_cache" time="0.004" /><testcase classname="tests.unit.test_community_summaries" name="test_readiness_requires_graph_gate_review_precision_and_all_eval_groups" time="0.005" /><testcase classname="tests.unit.test_community_summaries" name="test_readiness_can_generate_after_prerequisites_but_cannot_serve_without_review" time="0.004" /><testcase classname="tests.unit.test_config_validate.TestValidateConfig" name="test_full_env_has_no_errors" time="0.003" /><testcase classname="tests.unit.test_config_validate.TestValidateConfig" name="test_missing_qdrant_url_is_error" time="0.003" /><testcase classname="tests.unit.test_config_validate.TestValidateConfig" name="test_missing_all_llm_keys_is_error" time="0.004" /><testcase classname="tests.unit.test_config_validate.TestValidateConfig" name="test_missing_llm_base_url_is_error" time="0.003" /><testcase classname="tests.unit.test_config_validate.TestValidateConfig" name="test_missing_embedding_dim_is_error" time="0.003" /><testcase classname="tests.unit.test_config_validate.TestValidateConfig" name="test_sql_not_trusted_without_password_is_error" time="0.003" /><testcase classname="tests.unit.test_config_validate.TestValidateConfig" name="test_sql_not_trusted_with_credentials_ok" time="0.005" /><testcase classname="tests.unit.test_config_validate.TestValidateConfig" name="test_bad_numeric_int_is_error" time="0.005" /><testcase classname="tests.unit.test_config_validate.TestValidateConfig" name="test_bad_numeric_float_is_error" time="0.004" /><testcase classname="tests.unit.test_config_validate.TestValidateConfig" name="test_bad_voyage_timeout_is_error" time="0.006" /><testcase classname="tests.unit.test_config_validate.TestValidateConfig" name="test_can_skip_groups" time="0.006" /><testcase classname="tests.unit.test_config_validate.TestValidateConfig" name="test_missing_rag_service_token_is_error_when_required" time="0.008" /><testcase classname="tests.unit.test_config_validate.TestValidateConfig" name="test_external_ai_local_escape_is_rejected_outside_local_development" time="0.006" /><testcase classname="tests.unit.test_config_validate.TestValidateConfig" name="test_realtime_strict_streaming_is_rejected_until_sentence_verification_exists" time="0.006" /><testcase classname="tests.unit.test_config_validate.TestAssertConfigValid" name="test_raises_on_invalid" time="0.004" /><testcase classname="tests.unit.test_config_validate.TestAssertConfigValid" name="test_passes_on_valid" time="0.004" /><testcase classname="tests.unit.test_config_validate.TestSecretMasking" name="test_mask_hides_value" time="0.006" /><testcase classname="tests.unit.test_config_validate.TestSecretMasking" name="test_mask_short_value" time="0.004" /><testcase classname="tests.unit.test_config_validate.TestSecretMasking" name="test_mask_empty" time="0.003" /><testcase classname="tests.unit.test_config_validate.TestSecretMasking" name="test_summary_never_leaks_secret_value" time="0.005" /><testcase classname="tests.unit.test_config_validate.TestSecretMasking" name="test_summary_marks_missing_secret" time="0.003" /><testcase classname="tests.unit.test_context_builders_contract" name="test_structured_attributes_are_deduplicated_sorted_and_rendered_as_json" time="0.003" /><testcase classname="tests.unit.test_context_builders_contract" name="test_structured_attributes_omit_empty_repository_results[None]" time="0.003" /><testcase classname="tests.unit.test_context_builders_contract" name="test_structured_attributes_omit_empty_repository_results[attributes1]" time="0.005" /><testcase classname="tests.unit.test_context_builders_contract" name="test_structured_attributes_omit_empty_repository_results[attributes2]" time="0.003" /><testcase classname="tests.unit.test_context_builders_contract" name="test_structured_attributes_fail_closed_when_repository_is_unavailable" time="0.003" /><testcase classname="tests.unit.test_context_builders_contract" name="test_common_metadata_renders_all_supported_fields_and_expired_status_warning" time="0.003" /><testcase classname="tests.unit.test_context_builders_contract" name="test_common_metadata_warns_for_past_expiry_but_tolerates_unparseable_dates" time="0.007" /><testcase classname="tests.unit.test_context_builders_contract" name="test_common_metadata_returns_empty_when_there_is_nothing_renderable[None]" time="0.003" /><testcase classname="tests.unit.test_context_builders_contract" name="test_common_metadata_returns_empty_when_there_is_nothing_renderable[result1]" time="0.003" /><testcase classname="tests.unit.test_context_builders_contract" name="test_common_metadata_returns_empty_when_there_is_nothing_renderable[result2]" time="0.005" /><testcase classname="tests.unit.test_context_builders_contract" name="test_common_metadata_fail_closed_when_repository_is_unavailable" time="0.004" /><testcase classname="tests.unit.test_context_builders_contract" name="test_format_docs_golden_contract_prefers_primary_code_and_original_content" time="0.003" /><testcase classname="tests.unit.test_context_builders_contract" name="test_format_docs_uses_object_code_then_generic_fallback_and_page_content" time="0.005" /><testcase classname="tests.unit.test_context_builders_contract" name="test_parent_context_worker_count_is_bounded[None-4]" time="0.004" /><testcase classname="tests.unit.test_context_builders_contract" name="test_parent_context_worker_count_is_bounded[0-1]" time="0.004" /><testcase classname="tests.unit.test_context_builders_contract" name="test_parent_context_worker_count_is_bounded[17-16]" time="0.003" /><testcase classname="tests.unit.test_context_builders_contract" name="test_parent_context_worker_count_is_bounded[invalid-4]" time="0.005" /><testcase classname="tests.unit.test_context_builders_contract" name="test_parent_context_worker_count_is_bounded[raw4-4]" time="0.003" /><testcase classname="tests.unit.test_context_builders_contract" name="test_parent_hydration_can_be_disabled_without_loading_parent_chunks" time="0.004" /><testcase classname="tests.unit.test_controlled_demo_bom_repair" name="test_repair_plan_inserts_only_when_target_has_no_rows" time="0.005" /><testcase classname="tests.unit.test_controlled_demo_bom_repair" name="test_repair_plan_is_idempotent_for_same_source_rows" time="0.005" /><testcase classname="tests.unit.test_controlled_demo_bom_repair" name="test_repair_plan_rejects_partial_or_different_existing_rows" time="0.004" /><testcase classname="tests.unit.test_controlled_demo_bom_repair" name="test_repair_plan_rejects_same_source_id_with_different_content[existing0]" time="0.005" /><testcase classname="tests.unit.test_controlled_demo_bom_repair" name="test_repair_plan_rejects_same_source_id_with_different_content[existing1]" time="0.003" /><testcase classname="tests.unit.test_controlled_demo_bom_repair" name="test_repair_plan_rejects_mismatched_runtime_databa
[...]
ollout" name="test_each_wave4_department_pattern_routes_to_retrieval[IT-s\u1ef1 c\u1ed1 IT-Tra c\u1ee9u h\u01b0\u1edbng d\u1eabn x\u1eed l\xfd s\u1ef1 c\u1ed1 IT]" time="0.005" /><testcase classname="tests.unit.test_wave4_rollout" name="test_wave4_patterns_do_not_hijack_chitchat" time="0.003" /><testcase classname="tests.unit.test_wave4_rollout" name="test_wave4_seed_domain_site_and_security_are_stable" time="0.004" /><testcase classname="tests.unit.test_wave4_rollout_assets" name="test_wave4_manifest_templates_are_intentionally_empty[molding]" time="0.004" /><testcase classname="tests.unit.test_wave4_rollout_assets" name="test_wave4_manifest_templates_are_intentionally_empty[hse_5s]" time="0.004" /><testcase classname="tests.unit.test_wave4_rollout_assets" name="test_wave4_manifest_templates_are_intentionally_empty[it]" time="0.003" /><testcase classname="tests.unit.test_wave4_rollout_assets" name="test_wave4_manifest_templates_document_required_scenarios[molding]" time="0.005" /><testcase classname="tests.unit.test_wave4_rollout_assets" name="test_wave4_manifest_templates_document_required_scenarios[hse_5s]" time="0.004" /><testcase classname="tests.unit.test_wave4_rollout_assets" name="test_wave4_manifest_templates_document_required_scenarios[it]" time="0.003" /><testcase classname="tests.unit.test_wave4_rollout_assets" name="test_wave4_template_guide_requires_real_75_question_sets_without_placeholder" time="0.004" /><testcase classname="tests.unit.test_wave5_document_classifier_characterization" name="test_pdf_text_extractors_close_documents_and_select_representative_pages" time="0.005" /><testcase classname="tests.unit.test_wave5_document_classifier_characterization" name="test_representative_page_extraction_obeys_budget_and_handles_empty_or_broken_pdf" time="0.004" /><testcase classname="tests.unit.test_wave5_document_classifier_characterization" name="test_existing_family_lookup_returns_identifier_or_fails_closed[row0-None-42]" time="0.005" /><testcase classname="tests.unit.test_wave5_document_classifier_characterization" name="test_existing_family_lookup_returns_identifier_or_fails_closed[None-None-None]" time="0.005" /><testcase classname="tests.unit.test_wave5_document_classifier_characterization" name="test_existing_family_lookup_returns_identifier_or_fails_closed[None-error2-None]" time="0.003" /><testcase classname="tests.unit.test_wave5_document_classifier_characterization" name="test_classification_uses_safe_profile_type_and_promotes_existing_family" time="0.007" /><testcase classname="tests.unit.test_wave5_document_classifier_characterization" name="test_non_object_classifier_response_falls_back_without_leaking_provider_payload" time="0.004" /><testcase classname="tests.unit.test_wave5_file_access_security" name="test_database_record_loading_normalizes_values_and_skips_blank_grants" time="0.005" /><testcase classname="tests.unit.test_wave5_file_access_security" name="test_missing_engine_or_document_returns_no_access_record[None]" time="0.004" /><testcase classname="tests.unit.test_wave5_file_access_security" name="test_missing_engine_or_document_returns_no_access_record[engine1]" time="0.004" /><testcase classname="tests.unit.test_wave5_file_access_security" name="test_can_access_document_combines_database_record_with_policy" time="0.006" /><testcase classname="tests.unit.test_wave5_file_access_security" name="test_access_policy_fails_closed_for_missing_document_and_strict_cross_site" time="0.003" /><testcase classname="tests.unit.test_wave5_file_access_security" name="test_relative_and_original_paths_are_resolved_only_inside_approved_roots" time="0.010" /><testcase classname="tests.unit.test_wave5_file_access_security" name="test_page_image_fallback_uses_only_basename_inside_processed_root" time="0.008" /><testcase classname="tests.unit.test_wave5_file_access_security" name="test_page_image_and_vision_checks_fail_closed_for_missing_or_broken_metadata" time="0.006" /><testcase classname="tests.unit.test_wave5_file_access_security" name="test_page_has_vision_requires_summary_and_existing_approved_image" time="0.006" /><testcase classname="tests.unit.test_wave5_file_access_security" name="test_chat_image_accepts_plain_filename_but_rejects_empty_identifier" time="0.007" /><testcase classname="tests.unit.test_wave5_material_registry_characterization" name="test_public_material_registry_reads_active_database_dictionary" time="0.003" /><testcase classname="tests.unit.test_wave5_material_registry_characterization" name="test_empty_dictionary_uses_safe_defaults_and_cached_result" time="0.003" /><testcase classname="tests.unit.test_wave5_material_registry_characterization" name="test_database_failure_never_breaks_public_material_normalization" time="0.004" /><testcase classname="tests.unit.test_wave5_pdf_chunking_characterization" name="test_contextual_chunk_flag_follows_explicit_config" time="0.003" /><testcase classname="tests.unit.test_wave5_pdf_chunking_characterization" name="test_context_prefix_contains_available_document_metadata" time="0.003" /><testcase classname="tests.unit.test_wave5_pdf_chunking_characterization" name="test_context_prefix_uses_fallback_fields_without_inventing_metadata[metadata0-Tai lieu: fallback.pdf; Ma: A-1]" time="0.006" /><testcase classname="tests.unit.test_wave5_pdf_chunking_characterization" name="test_context_prefix_uses_fallback_fields_without_inventing_metadata[metadata1-Ma: B-2; Loai: bom]" time="0.004" /><testcase classname="tests.unit.test_wave5_pdf_chunking_characterization" name="test_context_prefix_uses_fallback_fields_without_inventing_metadata[metadata2-]" time="0.003" /><testcase classname="tests.unit.test_wave5_pdf_chunking_characterization" name="test_context_prefix_uses_fallback_fields_without_inventing_metadata[None-]" time="0.004" /><testcase classname="tests.unit.test_wave5_pdf_chunking_characterization" name="test_word_tokenization_is_lazy_and_cached" time="0.004" /><testcase classname="tests.unit.test_wave5_pdf_chunking_characterization" name="test_tokenizer_loads_once_and_reports_encoded_length" time="0.004" /><testcase classname="tests.unit.test_wave5_pdf_chunking_characterization" name="test_tokenizer_failure_falls_back_to_character_length_without_retry" time="0.003" /><testcase classname="tests.unit.test_wave5_rag_public_boundaries" name="test_runtime_contract_rejects_ambiguous_or_unsafe_process_settings[None]" time="0.005" /><testcase classname="tests.unit.test_wave5_rag_public_boundaries" name="test_runtime_contract_rejects_ambiguous_or_unsafe_process_settings[value1]" time="0.004" /><testcase classname="tests.unit.test_wave5_rag_public_boundaries" name="test_runtime_contract_rejects_ambiguous_or_unsafe_process_settings[value2]" time="0.003" /><testcase classname="tests.unit.test_wave5_rag_public_boundaries" name="test_runtime_contract_rejects_ambiguous_or_unsafe_process_settings[value3]" time="0.008" /><testcase classname="tests.unit.test_wave5_rag_public_boundaries" name="test_runtime_contract_rejects_ambiguous_or_unsafe_process_settings[value4]" time="0.006" /><testcase classname="tests.unit.test_wave5_rag_public_boundaries" name="test_runtime_contract_rejects_ambiguous_or_unsafe_process_settings[value5]" time="0.005" /><testcase classname="tests.unit.test_wave5_rag_public_boundaries" name="test_runtime_contract_rejects_ambiguous_or_unsafe_process_settings[value6]" time="0.003" /><testcase classname="tests.unit.test_wave5_rag_public_boundaries" name="test_runtime_contract_accepts_an_existing_contract_without_reinterpreting_it" time="0.003" /><testcase classname="tests.unit.test_wave5_rag_public_boundaries" name="test_typed_invocation_rejects_an_unknown_execution_mode" time="0.005" /><testcase classname="tests.unit.test_wave5_rag_public_boundaries" name="test_diagnostics_normalize_malformed_numeric_metrics_without_raising" time="0.007" /><testcase classname="tests.unit.test_wave5_rag_public_boundaries" name="test_request_budget_rejects_unknown_fields_and_cumulative_overuse" time="0.007" /><testcase classname="tests.unit.test_wave5_rag_public_boundaries" name="test_typed_event_consumer_rejects_invalid_lifecycle_sequences[events0-RagToken before RagPrepared]" time="0.005" /><testcase classname="tests.unit.test_wave5_rag_public_boundaries" name="test_typed_event_consumer_rejects_invalid_lifecycle_sequences[events1-RagCitation before RagPrepared]" time="0.004" /><testcase classname="tests.unit.test_wave5_rag_public_boundaries" name="test_typed_event_consumer_rejects_invalid_lifecycle_sequences[events2-completed before RagPrepared]" time="0.008" /><testcase classname="tests.unit.test_wave5_rag_public_boundaries" name="test_typed_event_consumer_rejects_invalid_lifecycle_sequences[events3-more than once]" time="0.004" /><testcase classname="tests.unit.test_wave5_rag_public_boundaries" name="test_typed_event_consumer_rejects_invalid_lifecycle_sequences[events4-without RagCompleted]" time="0.004" /><testcase classname="tests.unit.test_wave5_rag_public_boundaries" name="test_typed_event_consumer_rejects_invalid_lifecycle_sequences[events5-without RagPrepared]" time="0.006" /><testcase classname="tests.unit.test_wave5_rag_public_boundaries" name="test_typed_event_consumer_rejects_invalid_lifecycle_sequences[events6-event after completion]" time="0.004" /><testcase classname="tests.unit.test_wave5_rag_public_boundaries" name="test_legacy_event_collection_preserves_typed_cancellation[terminal0]" time="0.004" /><testcase classname="tests.unit.test_wave5_rag_public_boundaries" name="test_legacy_event_collection_preserves_typed_cancellation[terminal1]" time="0.005" /><testcase classname="tests.unit.test_wave5_rag_public_boundaries" name="test_chat_without_attributed_sources_clears_reference_material" time="0.039" /><testcase classname="tests.unit.test_wave5_rag_public_boundaries" name="test_stream_rejects_requests_before_runtime_is_ready" time="0.035" /><testcase classname="tests.unit.test_wave5_rag_public_boundaries" name="test_stream_rejects_a_non_numeric_replay_expiry" time="0.039" /><testcase classname="tests.unit.test_wave5_rag_public_boundaries" name="test_common_metadata_with_future_expiry_does_not_emit_a_warning" time="0.003" /><testcase classname="tests.unit.test_wave5_rag_public_boundaries" name="test_parent_hydration_preserves_opted_out_and_unkeyed_documents" time="0.003" /><testcase classname="tests.unit.test_wave5_rag_public_boundaries" name="test_parent_hydration_fails_closed_when_vector_storage_is_unavailable" time="0.003" /><testcase classname="tests.unit.test_wave5_rag_public_boundaries" name="test_document_formatter_supports_list_material_codes_and_string_btp_codes" time="0.004" /><testcase classname="tests.unit.test_wave6_api_branch_contracts" name="test_browser_chat_serializes_only_attributed_sources_from_turn_runner" time="0.014" /><testcase classname="tests.unit.test_wave6_api_branch_contracts" name="test_upload_contracts_reject_wrong_metadata_shape_and_report_missing_batch_department" time="0.039" /><testcase classname="tests.unit.test_wave6_api_branch_contracts" name="test_bulk_review_reports_missing_identifiers_and_executes_scoped_delete_paths" time="0.028" /><testcase classname="tests.unit.test_wave6_api_branch_contracts" name="test_platform_metadata_reads_and_updates_fail_closed_on_missing_records" time="0.040" /><testcase classname="tests.unit.test_wave6_api_branch_contracts" name="test_user_creation_and_password_contracts_preserve_repository_outcomes" time="0.692" /><testcase classname="tests.unit.test_wave6_api_branch_contracts" name="test_row_glossary_lifecycle_and_feedback_branches_remain_json_safe" time="0.041" /><testcase classname="tests.unit.test_wave6_api_branch_contracts" name="test_rag_service_auth_can_be_explicitly_disabled" time="0.034" /><testcase classname="tests.unit.test_wave6_api_branch_contracts" name="test_rag_stream_covers_repeated_tokens_citations_and_completion_without_tokens" time="0.050" /><testcase classname="tests.unit.test_wave6_api_branch_contracts" name="test_rag_stream_terminal_failures_never_emit_a_done_event[terminal0]" time="0.036" /><testcase classname="tests.unit.test_wave6_api_branch_contracts" name="test_rag_stream_terminal_failures_never_emit_a_done_event[terminal1]" time="0.037" /><testcase classname="tests.unit.test_wave6_api_branch_contracts" name="test_rag_stream_terminal_failures_never_emit_a_done_event[terminal2]" time="0.036" /><testcase classname="tests.unit.test_wave6_api_branch_contracts" name="test_rag_stream_terminal_failures_never_emit_a_done_event[None]" time="0.039" /><testcase classname="tests.unit.test_wave6_api_branch_contracts" name="test_rag_history_save_reports_unsaved_and_unattributed_outcomes" time="0.046" /><testcase classname="tests.unit.test_wave6_api_branch_contracts" name="test_admin_rag_audit_ignores_malformed_evidence_without_prompt_leakage" time="0.046" /><testcase classname="tests.unit.test_wave6_api_branch_contracts" name="test_signed_replay_streams_skip_live_audit_on_cancel_and_failure" time="0.051" /><testcase classname="tests.unit.test_wave6_pdf_ingestion_branches" name="test_vector_cleanup_prefers_document_identity_then_keeps_legacy_fallback" time="0.003" /><testcase classname="tests.unit.test_wave6_pdf_ingestion_branches" name="test_markdown_table_reader_rejects_invalid_shapes_and_stops_at_boundaries" time="0.005" /><testcase classname="tests.unit.test_wave6_pdf_ingestion_branches" name="test_bom_normalization_handles_unknown_columns_and_number_locales" time="0.003" /><testcase classname="tests.unit.test_wave6_pdf_ingestion_branches" name="test_bom_record_reader_fails_closed_without_a_usable_header" time="0.003" /><testcase classname="tests.unit.test_wave6_pdf_ingestion_branches" name="test_bom_record_reader_ignores_blank_rows_and_preserves_unknown_quantity" time="0.004" /><testcase classname="tests.unit.test_wave6_pdf_ingestion_branches" name="test_metadata_llm_policy_honors_disabled_always_and_complete_regex_modes" time="0.004" /><testcase classname="tests.unit.test_wave6_pdf_ingestion_branches" name="test_regex_metadata_deduplicates_codes_and_handles_empty_title_candidates" time="0.003" /><testcase classname="tests.unit.test_wave6_pdf_ingestion_branches" name="test_regex_metadata_keeps_unknown_creator_when_value_is_absent_or_a_label[Ten san pham :-Khong ro]" time="0.003" /><testcase classname="tests.unit.test_wave6_pdf_ingestion_branches" name="test_regex_metadata_keeps_unknown_creator_when_value_is_absent_or_a_label[Ten san pham :\nMa BTP :-Khong ro]" time="0.005" /><testcase classname="tests.unit.test_wave6_pdf_ingestion_branches" name="test_regex_metadata_uses_first_body_code_as_main_and_skips_empty_yckt_lines" time="0.003" /><testcase classname="tests.unit.test_wave6_pdf_ingestion_branches" name="test_llm_metadata_ignores_incomplete_optional_fields" time="0.003" /><testcase classname="tests.unit.test_wave6_pdf_ingestion_branches" name="test_llm_metadata_failure_without_warning_sink_preserves_regex_result" time="0.003" /><testcase classname="tests.unit.test_wave6_rag_eval_branch_contracts" name="test_intent_pure_detectors_cover_version_and_business_branches" time="0.005" /><testcase classname="tests.unit.test_wave6_rag_eval_branch_contracts" name="test_entity_constraints_and_candidate_resolution_cover_policy_outcomes" time="0.004" /><testcase classname="tests.unit.test_wave6_rag_eval_branch_contracts" name="test_conversation_state_selection_and_history_branches" time="0.015" /><testcase classname="tests.unit.test_wave6_rag_eval_branch_contracts" name="test_graph_retrieval_governance_and_attachment_branches" time="0.003" /><testcase classname="tests.unit.test_wave6_rag_eval_branch_contracts" name="test_community_summary_detection_validation_and_fail_closed_paths" time="0.005" /><testcase classname="tests.unit.test_wave6_rag_eval_branch_contracts" name="test_answer_checks_cover_parsing_units_and_citations" time="0.004" /><testcase classname="tests.unit.test_wave6_rag_eval_branch_contracts" name="test_interaction_router_and_query_decomposition_policy_branches" time="0.004" /><testcase classname="tests.unit.test_wave6_rag_eval_branch_contracts" name="test_feature_activation_flags_profiles_and_fail_closed_status" time="0.005" /><testcase classname="tests.unit.test_wave6_rag_eval_branch_contracts" name="test_evaluation_metrics_outcomes_and_graph_branches" time="0.005" /><testcase classname="tests.unit.test_wave6_rag_eval_branch_contracts" name="test_evaluation_grounding_decomposition_failure_schema_and_math" time="0.004" /><testcase classname="tests.unit.test_wave6_rag_eval_branch_contracts" name="test_wave6_additional_private_policy_branches" time="0.008" /><testcase classname="tests.unit.test_wave6_rag_eval_branch_contracts" name="test_wave6_evaluation_contract_error_and_faithfulness_branches" time="0.003" /><testcase classname="tests.unit.test_wave6_repository_branch_contracts" name="test_community_propose_and_list_contracts" time="0.005" /><testcase classname="tests.unit.test_wave6_repository_branch_contracts" name="test_load_servable_community_summaries_skips_bad_json_and_accepts_current_source" time="0.006" /><testcase classname="tests.unit.test_wave6_repository_branch_contracts" name="test_community_review_rejects_unsafe_states[approve-None-expected0]" time="0.004" /><testcase classname="tests.unit.test_wave6_repository_branch_contracts" name="test_community_review_rejects_unsafe_states[approve-row1-expected1]" time="0.003" /><testcase classname="tests.unit.test_wave6_repository_branch_contracts" name="test_community_review_rejects_unsafe_states[approve-row2-expected2]" time="0.005" /><testcase classname="tests.unit.test_wave6_repository_branch_contracts" name="test_community_review_rejects_unsafe_states[approve-row3-expected3]" time="0.004" /><testcase classname="tests.unit.test_wave6_repository_branch_contracts" name="test_community_review_reject_path_and_approve_provenance" time="0.005" /><testcase classname="tests.unit.test_wave6_repository_branch_contracts" name="test_graph_proposal_validation_duplicate_and_provenance" time="0.007" /><testcase classname="tests.unit.test_wave6_repository_branch_contracts" name="test_graph_list_review_and_traverse_public_contracts" time="0.006" /><testcase classname="tests.unit.test_wave6_repository_branch_contracts" name="test_material_dictionary_crud_covers_empty_duplicate_insert_and_failures" time="0.008" /><testcase classname="tests.unit.test_wave6_repository_branch_contracts" name="test_external_ai_profile_listing_get_and_validation" time="0.007" /><testcase classname="tests.unit.test_wave6_repository_branch_contracts" name="test_external_ai_upsert_never_persists_raw_secret_and_returns_profile" time="0.005" /><testcase classname="tests.unit.test_wave6_repository_branch_contracts" name="test_lifecycle_classification_and_overview_are_fail_closed" time="0.005" /><testcase classname="tests.unit.test_wave6_repository_branch_contracts" name="test_lifecycle_mutations_sync_side_effects_and_handle_failures" time="0.006" /><testcase classname="tests.unit.test_wave6_repository_branch_contracts" name="test_rollout_readiness_listing_and_gate_result_contract" time="0.008" /><testcase classname="tests.unit.test_wave6_repository_branch_contracts" name="test_rollout_upsert_validates_transitions_capacity_and_success" time="0.006" /><testcase classname="tests.unit.test_worker_runtime" name="test_build_worker_runtime_retains_supplied_graph_without_infrastructure_import" time="0.007" /><testcase classname="tests.unit.test_worker_runtime" name="test_build_default_worker_runtime_injects_composed_pipeline_dependencies" time="0.056" /><testcase classname="tests.unit.test_worker_runtime" name="test_system_clock_delegates_to_time_module" time="0.004" /><testcase classname="tests.unit.test_worker_runtime" name="test_default_vision_builder_uses_explicit_snapshot" time="0.004" /><testcase classname="tests.unit.test_worker_runtime" name="test_worker_runtime_closes_only_composition_owned_resources" time="0.005" /></testsuite></testsuites>